
===========================================================================
report_checks -path_delay max (Setup)
============================================================================
======================= Typical Corner ===================================

Startpoint: _20_ (rising edge-triggered flip-flop clocked by core_clk)
Endpoint: gpio_out[0] (output port clocked by core_clk)
Path Group: core_clk
Path Type: max

Fanout     Cap    Slew   Delay    Time   Description
-----------------------------------------------------------------------------
                          0.00    0.00   clock core_clk (rise edge)
                          0.00    0.00   clock source latency
     1    0.01    0.00    0.00    0.00 ^ clk (in)
                                         clk (net)
                  0.00    0.00    0.00 ^ clkbuf_0_clk/A (sky130_fd_sc_hd__clkbuf_16)
     2    0.02    0.04    0.11    0.11 ^ clkbuf_0_clk/X (sky130_fd_sc_hd__clkbuf_16)
                                         clknet_0_clk (net)
                  0.04    0.00    0.11 ^ clkbuf_1_0__f_clk/A (sky130_fd_sc_hd__clkbuf_16)
     3    0.01    0.03    0.11    0.22 ^ clkbuf_1_0__f_clk/X (sky130_fd_sc_hd__clkbuf_16)
                                         clknet_1_0__leaf_clk (net)
                  0.03    0.00    0.22 ^ _20_/CLK (sky130_fd_sc_hd__dfrtp_2)
     5    0.02    0.08    0.43    0.65 v _20_/Q (sky130_fd_sc_hd__dfrtp_2)
                                         net5 (net)
                  0.08    0.00    0.65 v _25_/A (sky130_fd_sc_hd__clkbuf_1)
     1    0.00    0.03    0.11    0.75 v _25_/X (sky130_fd_sc_hd__clkbuf_1)
                                         net2 (net)
                  0.03    0.00    0.75 v output2/A (sky130_fd_sc_hd__clkbuf_4)
     1    0.04    0.08    0.18    0.93 v output2/X (sky130_fd_sc_hd__clkbuf_4)
                                         gpio_out[0] (net)
                  0.08    0.00    0.93 v gpio_out[0] (out)
                                  0.93   data arrival time

                         10.00   10.00   clock core_clk (rise edge)
                          0.00   10.00   clock network delay (propagated)
                         -0.10    9.90   clock uncertainty
                          0.00    9.90   clock reconvergence pessimism
                         -4.00    5.90   output external delay
                                  5.90   data required time
-----------------------------------------------------------------------------
                                  5.90   data required time
                                 -0.93   data arrival time
-----------------------------------------------------------------------------
                                  4.97   slack (MET)


Startpoint: _20_ (rising edge-triggered flip-flop clocked by core_clk)
Endpoint: gpio_out[2] (output port clocked by core_clk)
Path Group: core_clk
Path Type: max

Fanout     Cap    Slew   Delay    Time   Description
-----------------------------------------------------------------------------
                          0.00    0.00   clock core_clk (rise edge)
                          0.00    0.00   clock source latency
     1    0.01    0.00    0.00    0.00 ^ clk (in)
                                         clk (net)
                  0.00    0.00    0.00 ^ clkbuf_0_clk/A (sky130_fd_sc_hd__clkbuf_16)
     2    0.02    0.04    0.11    0.11 ^ clkbuf_0_clk/X (sky130_fd_sc_hd__clkbuf_16)
                                         clknet_0_clk (net)
                  0.04    0.00    0.11 ^ clkbuf_1_0__f_clk/A (sky130_fd_sc_hd__clkbuf_16)
     3    0.01    0.03    0.11    0.22 ^ clkbuf_1_0__f_clk/X (sky130_fd_sc_hd__clkbuf_16)
                                         clknet_1_0__leaf_clk (net)
                  0.03    0.00    0.22 ^ _20_/CLK (sky130_fd_sc_hd__dfrtp_2)
     5    0.02    0.11    0.40    0.61 ^ _20_/Q (sky130_fd_sc_hd__dfrtp_2)
                                         net5 (net)
                  0.11    0.00    0.61 ^ _26_/A (sky130_fd_sc_hd__clkbuf_1)
     1    0.00    0.06    0.11    0.72 ^ _26_/X (sky130_fd_sc_hd__clkbuf_1)
                                         net3 (net)
                  0.06    0.00    0.72 ^ output3/A (sky130_fd_sc_hd__buf_2)
     1    0.04    0.18    0.21    0.93 ^ output3/X (sky130_fd_sc_hd__buf_2)
                                         gpio_out[2] (net)
                  0.18    0.00    0.93 ^ gpio_out[2] (out)
                                  0.93   data arrival time

                         10.00   10.00   clock core_clk (rise edge)
                          0.00   10.00   clock network delay (propagated)
                         -0.10    9.90   clock uncertainty
                          0.00    9.90   clock reconvergence pessimism
                         -4.00    5.90   output external delay
                                  5.90   data required time
-----------------------------------------------------------------------------
                                  5.90   data required time
                                 -0.93   data arrival time
-----------------------------------------------------------------------------
                                  4.97   slack (MET)


Startpoint: _20_ (rising edge-triggered flip-flop clocked by core_clk)
Endpoint: gpio_out[5] (output port clocked by core_clk)
Path Group: core_clk
Path Type: max

Fanout     Cap    Slew   Delay    Time   Description
-----------------------------------------------------------------------------
                          0.00    0.00   clock core_clk (rise edge)
                          0.00    0.00   clock source latency
     1    0.01    0.00    0.00    0.00 ^ clk (in)
                                         clk (net)
                  0.00    0.00    0.00 ^ clkbuf_0_clk/A (sky130_fd_sc_hd__clkbuf_16)
     2    0.02    0.04    0.11    0.11 ^ clkbuf_0_clk/X (sky130_fd_sc_hd__clkbuf_16)
                                         clknet_0_clk (net)
                  0.04    0.00    0.11 ^ clkbuf_1_0__f_clk/A (sky130_fd_sc_hd__clkbuf_16)
     3    0.01    0.03    0.11    0.22 ^ clkbuf_1_0__f_clk/X (sky130_fd_sc_hd__clkbuf_16)
                                         clknet_1_0__leaf_clk (net)
                  0.03    0.00    0.22 ^ _20_/CLK (sky130_fd_sc_hd__dfrtp_2)
     5    0.02    0.08    0.43    0.65 v _20_/Q (sky130_fd_sc_hd__dfrtp_2)
                                         net5 (net)
                  0.08    0.00    0.65 v _27_/A (sky130_fd_sc_hd__clkbuf_1)
     1    0.00    0.03    0.10    0.75 v _27_/X (sky130_fd_sc_hd__clkbuf_1)
                                         net4 (net)
                  0.03    0.00    0.75 v output4/A (sky130_fd_sc_hd__buf_2)
     1    0.03    0.09    0.17    0.92 v output4/X (sky130_fd_sc_hd__buf_2)
                                         gpio_out[5] (net)
                  0.09    0.00    0.92 v gpio_out[5] (out)
                                  0.92   data arrival time

                         10.00   10.00   clock core_clk (rise edge)
                          0.00   10.00   clock network delay (propagated)
                         -0.10    9.90   clock uncertainty
                          0.00    9.90   clock reconvergence pessimism
                         -4.00    5.90   output external delay
                                  5.90   data required time
-----------------------------------------------------------------------------
                                  5.90   data required time
                                 -0.92   data arrival time
-----------------------------------------------------------------------------
                                  4.98   slack (MET)


Startpoint: _20_ (rising edge-triggered flip-flop clocked by core_clk)
Endpoint: gpio_out[7] (output port clocked by core_clk)
Path Group: core_clk
Path Type: max

Fanout     Cap    Slew   Delay    Time   Description
-----------------------------------------------------------------------------
                          0.00    0.00   clock core_clk (rise edge)
                          0.00    0.00   clock source latency
     1    0.01    0.00    0.00    0.00 ^ clk (in)
                                         clk (net)
                  0.00    0.00    0.00 ^ clkbuf_0_clk/A (sky130_fd_sc_hd__clkbuf_16)
     2    0.02    0.04    0.11    0.11 ^ clkbuf_0_clk/X (sky130_fd_sc_hd__clkbuf_16)
                                         clknet_0_clk (net)
                  0.04    0.00    0.11 ^ clkbuf_1_0__f_clk/A (sky130_fd_sc_hd__clkbuf_16)
     3    0.01    0.03    0.11    0.22 ^ clkbuf_1_0__f_clk/X (sky130_fd_sc_hd__clkbuf_16)
                                         clknet_1_0__leaf_clk (net)
                  0.03    0.00    0.22 ^ _20_/CLK (sky130_fd_sc_hd__dfrtp_2)
     5    0.02    0.08    0.43    0.65 v _20_/Q (sky130_fd_sc_hd__dfrtp_2)
                                         net5 (net)
                  0.08    0.00    0.65 v output5/A (sky130_fd_sc_hd__clkbuf_4)
     1    0.03    0.08    0.20    0.84 v output5/X (sky130_fd_sc_hd__clkbuf_4)
                                         gpio_out[7] (net)
                  0.08    0.00    0.85 v gpio_out[7] (out)
                                  0.85   data arrival time

                         10.00   10.00   clock core_clk (rise edge)
                          0.00   10.00   clock network delay (propagated)
                         -0.10    9.90   clock uncertainty
                          0.00    9.90   clock reconvergence pessimism
                         -4.00    5.90   output external delay
                                  5.90   data required time
-----------------------------------------------------------------------------
                                  5.90   data required time
                                 -0.85   data arrival time
-----------------------------------------------------------------------------
                                  5.05   slack (MET)


Startpoint: _20_ (rising edge-triggered flip-flop clocked by core_clk)
Endpoint: _20_ (rising edge-triggered flip-flop clocked by core_clk)
Path Group: core_clk
Path Type: max

Fanout     Cap    Slew   Delay    Time   Description
-----------------------------------------------------------------------------
                          0.00    0.00   clock core_clk (rise edge)
                          0.00    0.00   clock source latency
     1    0.01    0.00    0.00    0.00 ^ clk (in)
                                         clk (net)
                  0.00    0.00    0.00 ^ clkbuf_0_clk/A (sky130_fd_sc_hd__clkbuf_16)
     2    0.02    0.04    0.11    0.11 ^ clkbuf_0_clk/X (sky130_fd_sc_hd__clkbuf_16)
                                         clknet_0_clk (net)
                  0.04    0.00    0.11 ^ clkbuf_1_0__f_clk/A (sky130_fd_sc_hd__clkbuf_16)
     3    0.01    0.03    0.11    0.22 ^ clkbuf_1_0__f_clk/X (sky130_fd_sc_hd__clkbuf_16)
                                         clknet_1_0__leaf_clk (net)
                  0.03    0.00    0.22 ^ _20_/CLK (sky130_fd_sc_hd__dfrtp_2)
     5    0.02    0.08    0.43    0.65 v _20_/Q (sky130_fd_sc_hd__dfrtp_2)
                                         net5 (net)
                  0.08    0.00    0.65 v _14_/A0 (sky130_fd_sc_hd__mux2_1)
     1    0.00    0.05    0.29    0.93 v _14_/X (sky130_fd_sc_hd__mux2_1)
                                         _07_ (net)
                  0.05    0.00    0.93 v _15_/A (sky130_fd_sc_hd__clkbuf_1)
     1    0.00    0.03    0.09    1.03 v _15_/X (sky130_fd_sc_hd__clkbuf_1)
                                         _02_ (net)
                  0.03    0.00    1.03 v _20_/D (sky130_fd_sc_hd__dfrtp_2)
                                  1.03   data arrival time

                         10.00   10.00   clock core_clk (rise edge)
                          0.00   10.00   clock source latency
     1    0.01    0.00    0.00   10.00 ^ clk (in)
                                         clk (net)
                  0.00    0.00   10.00 ^ clkbuf_0_clk/A (sky130_fd_sc_hd__clkbuf_16)
     2    0.02    0.04    0.11   10.11 ^ clkbuf_0_clk/X (sky130_fd_sc_hd__clkbuf_16)
                                         clknet_0_clk (net)
                  0.04    0.00   10.11 ^ clkbuf_1_0__f_clk/A (sky130_fd_sc_hd__clkbuf_16)
     3    0.01    0.03    0.11   10.22 ^ clkbuf_1_0__f_clk/X (sky130_fd_sc_hd__clkbuf_16)
                                         clknet_1_0__leaf_clk (net)
                  0.03    0.00   10.22 ^ _20_/CLK (sky130_fd_sc_hd__dfrtp_2)
                         -0.10   10.12   clock uncertainty
                          0.00   10.12   clock reconvergence pessimism
                         -0.11   10.01   library setup time
                                 10.01   data required time
-----------------------------------------------------------------------------
                                 10.01   data required time
                                 -1.03   data arrival time
-----------------------------------------------------------------------------
                                  8.98   slack (MET)


Startpoint: _17_ (rising edge-triggered flip-flop clocked by core_clk)
Endpoint: _18_ (rising edge-triggered flip-flop clocked by core_clk)
Path Group: core_clk
Path Type: max

Fanout     Cap    Slew   Delay    Time   Description
-----------------------------------------------------------------------------
                          0.00    0.00   clock core_clk (rise edge)
                          0.00    0.00   clock source latency
     1    0.01    0.00    0.00    0.00 ^ clk (in)
                                         clk (net)
                  0.00    0.00    0.00 ^ clkbuf_0_clk/A (sky130_fd_sc_hd__clkbuf_16)
     2    0.02    0.04    0.11    0.11 ^ clkbuf_0_clk/X (sky130_fd_sc_hd__clkbuf_16)
                                         clknet_0_clk (net)
                  0.04    0.00    0.11 ^ clkbuf_1_1__f_clk/A (sky130_fd_sc_hd__clkbuf_16)
     3    0.01    0.03    0.11    0.22 ^ clkbuf_1_1__f_clk/X (sky130_fd_sc_hd__clkbuf_16)
                                         clknet_1_1__leaf_clk (net)
                  0.03    0.00    0.22 ^ _17_/CLK (sky130_fd_sc_hd__dfrtp_1)
     3    0.01    0.10    0.36    0.58 ^ _17_/Q (sky130_fd_sc_hd__dfrtp_1)
                                         u_cpu.state[1] (net)
                  0.10    0.00    0.58 ^ _08_/A (sky130_fd_sc_hd__nor2_1)
     3    0.01    0.04    0.07    0.65 v _08_/Y (sky130_fd_sc_hd__nor2_1)
                                         _03_ (net)
                  0.04    0.00    0.65 v _11_/B (sky130_fd_sc_hd__or2_1)
     1    0.00    0.05    0.20    0.85 v _11_/X (sky130_fd_sc_hd__or2_1)
                                         _06_ (net)
                  0.05    0.00    0.85 v _12_/A (sky130_fd_sc_hd__clkbuf_1)
     1    0.00    0.03    0.09    0.94 v _12_/X (sky130_fd_sc_hd__clkbuf_1)
                                         _00_ (net)
                  0.03    0.00    0.94 v _18_/D (sky130_fd_sc_hd__dfrtp_1)
                                  0.94   data arrival time

                         10.00   10.00   clock core_clk (rise edge)
                          0.00   10.00   clock source latency
     1    0.01    0.00    0.00   10.00 ^ clk (in)
                                         clk (net)
                  0.00    0.00   10.00 ^ clkbuf_0_clk/A (sky130_fd_sc_hd__clkbuf_16)
     2    0.02    0.04    0.11   10.11 ^ clkbuf_0_clk/X (sky130_fd_sc_hd__clkbuf_16)
                                         clknet_0_clk (net)
                  0.04    0.00   10.11 ^ clkbuf_1_0__f_clk/A (sky130_fd_sc_hd__clkbuf_16)
     3    0.01    0.03    0.11   10.22 ^ clkbuf_1_0__f_clk/X (sky130_fd_sc_hd__clkbuf_16)
                                         clknet_1_0__leaf_clk (net)
                  0.03    0.00   10.22 ^ _18_/CLK (sky130_fd_sc_hd__dfrtp_1)
                         -0.10   10.12   clock uncertainty
                          0.00   10.12   clock reconvergence pessimism
                         -0.11   10.01   library setup time
                                 10.01   data required time
-----------------------------------------------------------------------------
                                 10.01   data required time
                                 -0.94   data arrival time
-----------------------------------------------------------------------------
                                  9.07   slack (MET)


Startpoint: _17_ (rising edge-triggered flip-flop clocked by core_clk)
Endpoint: _17_ (rising edge-triggered flip-flop clocked by core_clk)
Path Group: core_clk
Path Type: max

Fanout     Cap    Slew   Delay    Time   Description
-----------------------------------------------------------------------------
                          0.00    0.00   clock core_clk (rise edge)
                          0.00    0.00   clock source latency
     1    0.01    0.00    0.00    0.00 ^ clk (in)
                                         clk (net)
                  0.00    0.00    0.00 ^ clkbuf_0_clk/A (sky130_fd_sc_hd__clkbuf_16)
     2    0.02    0.04    0.11    0.11 ^ clkbuf_0_clk/X (sky130_fd_sc_hd__clkbuf_16)
                                         clknet_0_clk (net)
                  0.04    0.00    0.11 ^ clkbuf_1_1__f_clk/A (sky130_fd_sc_hd__clkbuf_16)
     3    0.01    0.03    0.11    0.22 ^ clkbuf_1_1__f_clk/X (sky130_fd_sc_hd__clkbuf_16)
                                         clknet_1_1__leaf_clk (net)
                  0.03    0.00    0.22 ^ _17_/CLK (sky130_fd_sc_hd__dfrtp_1)
     3    0.01    0.10    0.36    0.58 ^ _17_/Q (sky130_fd_sc_hd__dfrtp_1)
                                         u_cpu.state[1] (net)
                  0.10    0.00    0.58 ^ _09_/A_N (sky130_fd_sc_hd__and2b_1)
     1    0.00    0.04    0.19    0.77 v _09_/X (sky130_fd_sc_hd__and2b_1)
                                         _05_ (net)
                  0.04    0.00    0.77 v _10_/A (sky130_fd_sc_hd__clkbuf_1)
     1    0.00    0.03    0.09    0.85 v _10_/X (sky130_fd_sc_hd__clkbuf_1)
                                         _04_ (net)
                  0.03    0.00    0.85 v _17_/D (sky130_fd_sc_hd__dfrtp_1)
                                  0.85   data arrival time

                         10.00   10.00   clock core_clk (rise edge)
                          0.00   10.00   clock source latency
     1    0.01    0.00    0.00   10.00 ^ clk (in)
                                         clk (net)
                  0.00    0.00   10.00 ^ clkbuf_0_clk/A (sky130_fd_sc_hd__clkbuf_16)
     2    0.02    0.04    0.11   10.11 ^ clkbuf_0_clk/X (sky130_fd_sc_hd__clkbuf_16)
                                         clknet_0_clk (net)
                  0.04    0.00   10.11 ^ clkbuf_1_1__f_clk/A (sky130_fd_sc_hd__clkbuf_16)
     3    0.01    0.03    0.11   10.22 ^ clkbuf_1_1__f_clk/X (sky130_fd_sc_hd__clkbuf_16)
                                         clknet_1_1__leaf_clk (net)
                  0.03    0.00   10.22 ^ _17_/CLK (sky130_fd_sc_hd__dfrtp_1)
                         -0.10   10.12   clock uncertainty
                          0.00   10.12   clock reconvergence pessimism
                         -0.11   10.01   library setup time
                                 10.01   data required time
-----------------------------------------------------------------------------
                                 10.01   data required time
                                 -0.85   data arrival time
-----------------------------------------------------------------------------
                                  9.16   slack (MET)


Startpoint: _17_ (rising edge-triggered flip-flop clocked by core_clk)
Endpoint: _19_ (rising edge-triggered flip-flop clocked by core_clk)
Path Group: core_clk
Path Type: max

Fanout     Cap    Slew   Delay    Time   Description
-----------------------------------------------------------------------------
                          0.00    0.00   clock core_clk (rise edge)
                          0.00    0.00   clock source latency
     1    0.01    0.00    0.00    0.00 ^ clk (in)
                                         clk (net)
                  0.00    0.00    0.00 ^ clkbuf_0_clk/A (sky130_fd_sc_hd__clkbuf_16)
     2    0.02    0.04    0.11    0.11 ^ clkbuf_0_clk/X (sky130_fd_sc_hd__clkbuf_16)
                                         clknet_0_clk (net)
                  0.04    0.00    0.11 ^ clkbuf_1_1__f_clk/A (sky130_fd_sc_hd__clkbuf_16)
     3    0.01    0.03    0.11    0.22 ^ clkbuf_1_1__f_clk/X (sky130_fd_sc_hd__clkbuf_16)
                                         clknet_1_1__leaf_clk (net)
                  0.03    0.00    0.22 ^ _17_/CLK (sky130_fd_sc_hd__dfrtp_1)
     3    0.01    0.07    0.39    0.60 v _17_/Q (sky130_fd_sc_hd__dfrtp_1)
                                         u_cpu.state[1] (net)
                  0.07    0.00    0.60 v _08_/A (sky130_fd_sc_hd__nor2_1)
     3    0.01    0.13    0.15    0.75 ^ _08_/Y (sky130_fd_sc_hd__nor2_1)
                                         _03_ (net)
                  0.13    0.00    0.75 ^ _13_/B1 (sky130_fd_sc_hd__a21o_1)
     1    0.00    0.04    0.10    0.85 ^ _13_/X (sky130_fd_sc_hd__a21o_1)
                                         _01_ (net)
                  0.04    0.00    0.85 ^ _19_/D (sky130_fd_sc_hd__dfrtp_1)
                                  0.85   data arrival time

                         10.00   10.00   clock core_clk (rise edge)
                          0.00   10.00   clock source latency
     1    0.01    0.00    0.00   10.00 ^ clk (in)
                                         clk (net)
                  0.00    0.00   10.00 ^ clkbuf_0_clk/A (sky130_fd_sc_hd__clkbuf_16)
     2    0.02    0.04    0.11   10.11 ^ clkbuf_0_clk/X (sky130_fd_sc_hd__clkbuf_16)
                                         clknet_0_clk (net)
                  0.04    0.00   10.11 ^ clkbuf_1_0__f_clk/A (sky130_fd_sc_hd__clkbuf_16)
     3    0.01    0.03    0.11   10.22 ^ clkbuf_1_0__f_clk/X (sky130_fd_sc_hd__clkbuf_16)
                                         clknet_1_0__leaf_clk (net)
                  0.03    0.00   10.22 ^ _19_/CLK (sky130_fd_sc_hd__dfrtp_1)
                         -0.10   10.12   clock uncertainty
                          0.00   10.12   clock reconvergence pessimism
                         -0.06   10.06   library setup time
                                 10.06   data required time
-----------------------------------------------------------------------------
                                 10.06   data required time
                                 -0.85   data arrival time
-----------------------------------------------------------------------------
                                  9.20   slack (MET)


Startpoint: _17_ (rising edge-triggered flip-flop clocked by core_clk)
Endpoint: _16_ (rising edge-triggered flip-flop clocked by core_clk)
Path Group: core_clk
Path Type: max

Fanout     Cap    Slew   Delay    Time   Description
-----------------------------------------------------------------------------
                          0.00    0.00   clock core_clk (rise edge)
                          0.00    0.00   clock source latency
     1    0.01    0.00    0.00    0.00 ^ clk (in)
                                         clk (net)
                  0.00    0.00    0.00 ^ clkbuf_0_clk/A (sky130_fd_sc_hd__clkbuf_16)
     2    0.02    0.04    0.11    0.11 ^ clkbuf_0_clk/X (sky130_fd_sc_hd__clkbuf_16)
                                         clknet_0_clk (net)
                  0.04    0.00    0.11 ^ clkbuf_1_1__f_clk/A (sky130_fd_sc_hd__clkbuf_16)
     3    0.01    0.03    0.11    0.22 ^ clkbuf_1_1__f_clk/X (sky130_fd_sc_hd__clkbuf_16)
                                         clknet_1_1__leaf_clk (net)
                  0.03    0.00    0.22 ^ _17_/CLK (sky130_fd_sc_hd__dfrtp_1)
     3    0.01    0.07    0.39    0.60 v _17_/Q (sky130_fd_sc_hd__dfrtp_1)
                                         u_cpu.state[1] (net)
                  0.07    0.00    0.60 v _08_/A (sky130_fd_sc_hd__nor2_1)
     3    0.01    0.13    0.15    0.75 ^ _08_/Y (sky130_fd_sc_hd__nor2_1)
                                         _03_ (net)
                  0.13    0.00    0.75 ^ _16_/D (sky130_fd_sc_hd__dfrtp_1)
                                  0.75   data arrival time

                         10.00   10.00   clock core_clk (rise edge)
                          0.00   10.00   clock source latency
     1    0.01    0.00    0.00   10.00 ^ clk (in)
                                         clk (net)
                  0.00    0.00   10.00 ^ clkbuf_0_clk/A (sky130_fd_sc_hd__clkbuf_16)
     2    0.02    0.04    0.11   10.11 ^ clkbuf_0_clk/X (sky130_fd_sc_hd__clkbuf_16)
                                         clknet_0_clk (net)
                  0.04    0.00   10.11 ^ clkbuf_1_1__f_clk/A (sky130_fd_sc_hd__clkbuf_16)
     3    0.01    0.03    0.11   10.22 ^ clkbuf_1_1__f_clk/X (sky130_fd_sc_hd__clkbuf_16)
                                         clknet_1_1__leaf_clk (net)
                  0.03    0.00   10.22 ^ _16_/CLK (sky130_fd_sc_hd__dfrtp_1)
                         -0.10   10.12   clock uncertainty
                          0.00   10.12   clock reconvergence pessimism
                         -0.08   10.04   library setup time
                                 10.04   data required time
-----------------------------------------------------------------------------
                                 10.04   data required time
                                 -0.75   data arrival time
-----------------------------------------------------------------------------
                                  9.29   slack (MET)



worst slack corner Typical: 4.9663
