
===========================================================================
 report_power
============================================================================
======================= Fastest Corner ===================================

Group                  Internal  Switching    Leakage      Total
                          Power      Power      Power      Power (Watts)
----------------------------------------------------------------
Sequential             2.37e-05   0.00e+00   2.87e-08   2.37e-05  24.0%
Combinational          1.56e-15   5.43e-15   6.50e-11   6.50e-11   0.0%
Clock                  6.06e-05   1.45e-05   5.78e-10   7.51e-05  76.0%
Macro                  0.00e+00   0.00e+00   0.00e+00   0.00e+00   0.0%
Pad                    0.00e+00   0.00e+00   0.00e+00   0.00e+00   0.0%
----------------------------------------------------------------
Total                  8.43e-05   1.45e-05   2.93e-08   9.89e-05 100.0%
                          85.3%      14.7%       0.0%

======================= Slowest Corner ===================================

Group                  Internal  Switching    Leakage      Total
                          Power      Power      Power      Power (Watts)
----------------------------------------------------------------
Sequential             1.58e-05   0.00e+00   9.01e-08   1.59e-05  23.3%
Combinational          1.16e-15   3.43e-15   7.76e-08   7.76e-08   0.1%
Clock                  4.29e-05   9.49e-06   6.18e-08   5.25e-05  76.6%
Macro                  0.00e+00   0.00e+00   0.00e+00   0.00e+00   0.0%
Pad                    0.00e+00   0.00e+00   0.00e+00   0.00e+00   0.0%
----------------------------------------------------------------
Total                  5.88e-05   9.49e-06   2.30e-07   6.85e-05 100.0%
                          85.8%      13.8%       0.3%

======================= Typical Corner ===================================

Group                  Internal  Switching    Leakage      Total
                          Power      Power      Power      Power (Watts)
----------------------------------------------------------------
Sequential             2.04e-05   0.00e+00   2.86e-08   2.04e-05  23.9%
Combinational          1.40e-15   4.63e-15   5.88e-11   5.88e-11   0.0%
Clock                  5.28e-05   1.22e-05   4.24e-10   6.50e-05  76.1%
Macro                  0.00e+00   0.00e+00   0.00e+00   0.00e+00   0.0%
Pad                    0.00e+00   0.00e+00   0.00e+00   0.00e+00   0.0%
----------------------------------------------------------------
Total                  7.31e-05   1.22e-05   2.91e-08   8.53e-05 100.0%
                          85.7%      14.3%       0.0%

