
===========================================================================
report_checks -unconstrained
===========================================================================
======================= Fastest Corner ===================================

Startpoint: _20_ (rising edge-triggered flip-flop clocked by core_clk)
Endpoint: gpio_out[0] (output port clocked by core_clk)
Path Group: core_clk
Path Type: max
Corner: Fastest

Fanout     Cap    Slew   Delay    Time   Description
-----------------------------------------------------------------------------
                          0.00    0.00   clock core_clk (rise edge)
                          0.00    0.00   clock source latency
     1    0.01    0.00    0.00    0.00 ^ clk (in)
                                         clk (net)
                  0.00    0.00    0.00 ^ clkbuf_0_clk/A (sky130_fd_sc_hd__clkbuf_16)
     2    0.02    0.03    0.07    0.08 ^ clkbuf_0_clk/X (sky130_fd_sc_hd__clkbuf_16)
                                         clknet_0_clk (net)
                  0.03    0.00    0.08 ^ clkbuf_1_0__f_clk/A (sky130_fd_sc_hd__clkbuf_16)
     3    0.01    0.03    0.08    0.15 ^ clkbuf_1_0__f_clk/X (sky130_fd_sc_hd__clkbuf_16)
                                         clknet_1_0__leaf_clk (net)
                  0.03    0.00    0.15 ^ _20_/CLK (sky130_fd_sc_hd__dfrtp_2)
     5    0.02    0.06    0.27    0.43 v _20_/Q (sky130_fd_sc_hd__dfrtp_2)
                                         net5 (net)
                  0.06    0.00    0.43 v _25_/A (sky130_fd_sc_hd__clkbuf_1)
     1    0.00    0.02    0.07    0.50 v _25_/X (sky130_fd_sc_hd__clkbuf_1)
                                         net2 (net)
                  0.02    0.00    0.50 v output2/A (sky130_fd_sc_hd__clkbuf_4)
     1    0.03    0.06    0.12    0.62 v output2/X (sky130_fd_sc_hd__clkbuf_4)
                                         gpio_out[0] (net)
                  0.06    0.00    0.62 v gpio_out[0] (out)
                                  0.62   data arrival time

                         10.00   10.00   clock core_clk (rise edge)
                          0.00   10.00   clock network delay (propagated)
                         -0.10    9.90   clock uncertainty
                          0.00    9.90   clock reconvergence pessimism
                         -4.00    5.90   output external delay
                                  5.90   data required time
-----------------------------------------------------------------------------
                                  5.90   data required time
                                 -0.62   data arrival time
-----------------------------------------------------------------------------
                                  5.28   slack (MET)



======================= Slowest Corner ===================================

Startpoint: _20_ (rising edge-triggered flip-flop clocked by core_clk)
Endpoint: gpio_out[2] (output port clocked by core_clk)
Path Group: core_clk
Path Type: max
Corner: Slowest

Fanout     Cap    Slew   Delay    Time   Description
-----------------------------------------------------------------------------
                          0.00    0.00   clock core_clk (rise edge)
                          0.00    0.00   clock source latency
     1    0.01    0.00    0.00    0.00 ^ clk (in)
                                         clk (net)
                  0.00    0.00    0.00 ^ clkbuf_0_clk/A (sky130_fd_sc_hd__clkbuf_16)
     2    0.02    0.06    0.19    0.19 ^ clkbuf_0_clk/X (sky130_fd_sc_hd__clkbuf_16)
                                         clknet_0_clk (net)
                  0.06    0.00    0.19 ^ clkbuf_1_0__f_clk/A (sky130_fd_sc_hd__clkbuf_16)
     3    0.01    0.06    0.21    0.40 ^ clkbuf_1_0__f_clk/X (sky130_fd_sc_hd__clkbuf_16)
                                         clknet_1_0__leaf_clk (net)
                  0.06    0.00    0.40 ^ _20_/CLK (sky130_fd_sc_hd__dfrtp_2)
     5    0.02    0.15    0.90    1.30 v _20_/Q (sky130_fd_sc_hd__dfrtp_2)
                                         net5 (net)
                  0.15    0.00    1.30 v _26_/A (sky130_fd_sc_hd__clkbuf_1)
     1    0.00    0.06    0.21    1.50 v _26_/X (sky130_fd_sc_hd__clkbuf_1)
                                         net3 (net)
                  0.06    0.00    1.50 v output3/A (sky130_fd_sc_hd__buf_2)
     1    0.03    0.17    0.34    1.84 v output3/X (sky130_fd_sc_hd__buf_2)
                                         gpio_out[2] (net)
                  0.17    0.00    1.84 v gpio_out[2] (out)
                                  1.84   data arrival time

                         10.00   10.00   clock core_clk (rise edge)
                          0.00   10.00   clock network delay (propagated)
                         -0.10    9.90   clock uncertainty
                          0.00    9.90   clock reconvergence pessimism
                         -4.00    5.90   output external delay
                                  5.90   data required time
-----------------------------------------------------------------------------
                                  5.90   data required time
                                 -1.84   data arrival time
-----------------------------------------------------------------------------
                                  4.06   slack (MET)



======================= Typical Corner ===================================

Startpoint: _20_ (rising edge-triggered flip-flop clocked by core_clk)
Endpoint: gpio_out[0] (output port clocked by core_clk)
Path Group: core_clk
Path Type: max
Corner: Typical

Fanout     Cap    Slew   Delay    Time   Description
-----------------------------------------------------------------------------
                          0.00    0.00   clock core_clk (rise edge)
                          0.00    0.00   clock source latency
     1    0.01    0.00    0.00    0.00 ^ clk (in)
                                         clk (net)
                  0.00    0.00    0.00 ^ clkbuf_0_clk/A (sky130_fd_sc_hd__clkbuf_16)
     2    0.02    0.04    0.11    0.11 ^ clkbuf_0_clk/X (sky130_fd_sc_hd__clkbuf_16)
                                         clknet_0_clk (net)
                  0.04    0.00    0.11 ^ clkbuf_1_0__f_clk/A (sky130_fd_sc_hd__clkbuf_16)
     3    0.01    0.03    0.11    0.22 ^ clkbuf_1_0__f_clk/X (sky130_fd_sc_hd__clkbuf_16)
                                         clknet_1_0__leaf_clk (net)
                  0.03    0.00    0.22 ^ _20_/CLK (sky130_fd_sc_hd__dfrtp_2)
     5    0.02    0.08    0.43    0.66 v _20_/Q (sky130_fd_sc_hd__dfrtp_2)
                                         net5 (net)
                  0.08    0.00    0.66 v _25_/A (sky130_fd_sc_hd__clkbuf_1)
     1    0.00    0.03    0.11    0.77 v _25_/X (sky130_fd_sc_hd__clkbuf_1)
                                         net2 (net)
                  0.03    0.00    0.77 v output2/A (sky130_fd_sc_hd__clkbuf_4)
     1    0.03    0.08    0.18    0.94 v output2/X (sky130_fd_sc_hd__clkbuf_4)
                                         gpio_out[0] (net)
                  0.08    0.00    0.95 v gpio_out[0] (out)
                                  0.95   data arrival time

                         10.00   10.00   clock core_clk (rise edge)
                          0.00   10.00   clock network delay (propagated)
                         -0.10    9.90   clock uncertainty
                          0.00    9.90   clock reconvergence pessimism
                         -4.00    5.90   output external delay
                                  5.90   data required time
-----------------------------------------------------------------------------
                                  5.90   data required time
                                 -0.95   data arrival time
-----------------------------------------------------------------------------
                                  4.95   slack (MET)




===========================================================================
report_checks --slack_max -0.01
============================================================================
======================= Fastest Corner ===================================

No paths found.

======================= Slowest Corner ===================================

No paths found.

======================= Typical Corner ===================================

No paths found.


===========================================================================
 report_check_types -max_slew -max_cap -max_fanout -violators
============================================================================
======================= Fastest Corner ===================================


max slew violations count Fastest: 0
max fanout violations count Fastest: 0
max cap violations count Fastest: 0
======================= Slowest Corner ===================================


max slew violations count Slowest: 0
max fanout violations count Slowest: 0
max cap violations count Slowest: 0
======================= Typical Corner ===================================


max slew violations count Typical: 0
max fanout violations count Typical: 0
max cap violations count Typical: 0

===========================================================================
report_parasitic_annotation -report_unannotated
============================================================================
Found 5 unannotated drivers.
 clkload0/X
 soc_top_6/HI
 soc_top_7/HI
 soc_top_8/HI
 soc_top_9/HI
Found 0 partially unannotated drivers.

===========================================================================
max slew violation count 0
max fanout violation count 0
max cap violation count 0
============================================================================

===========================================================================
check_setup -verbose -unconstrained_endpoints -multiple_clock -no_clock -no_input_delay -loops -generated_clocks
===========================================================================
Warning: There is 1 input port missing set_input_delay.
  rst_n
Warning: There are 4 unconstrained endpoints.
  gpio_out[1]
  gpio_out[3]
  gpio_out[4]
  gpio_out[6]
