
===========================================================================
 report_power
============================================================================
======================= Fastest Corner ===================================

Group                  Internal  Switching    Leakage      Total
                          Power      Power      Power      Power (Watts)
----------------------------------------------------------------
Sequential             2.37e-05   0.00e+00   2.87e-08   2.37e-05  23.9%
Combinational          1.56e-15   5.57e-15   6.50e-11   6.50e-11   0.0%
Clock                  6.06e-05   1.48e-05   5.78e-10   7.54e-05  76.1%
Macro                  0.00e+00   0.00e+00   0.00e+00   0.00e+00   0.0%
Pad                    0.00e+00   0.00e+00   0.00e+00   0.00e+00   0.0%
----------------------------------------------------------------
Total                  8.43e-05   1.48e-05   2.93e-08   9.91e-05 100.0%
                          85.0%      14.9%       0.0%

======================= Slowest Corner ===================================

Group                  Internal  Switching    Leakage      Total
                          Power      Power      Power      Power (Watts)
----------------------------------------------------------------
Sequential             1.58e-05   0.00e+00   9.01e-08   1.59e-05  23.2%
Combinational          1.16e-15   3.52e-15   7.76e-08   7.76e-08   0.1%
Clock                  4.30e-05   9.67e-06   6.18e-08   5.27e-05  76.7%
Macro                  0.00e+00   0.00e+00   0.00e+00   0.00e+00   0.0%
Pad                    0.00e+00   0.00e+00   0.00e+00   0.00e+00   0.0%
----------------------------------------------------------------
Total                  5.88e-05   9.67e-06   2.30e-07   6.87e-05 100.0%
                          85.6%      14.1%       0.3%

======================= Typical Corner ===================================

Group                  Internal  Switching    Leakage      Total
                          Power      Power      Power      Power (Watts)
----------------------------------------------------------------
Sequential             2.04e-05   0.00e+00   2.86e-08   2.04e-05  23.8%
Combinational          1.40e-15   4.75e-15   5.88e-11   5.88e-11   0.0%
Clock                  5.28e-05   1.24e-05   4.24e-10   6.52e-05  76.2%
Macro                  0.00e+00   0.00e+00   0.00e+00   0.00e+00   0.0%
Pad                    0.00e+00   0.00e+00   0.00e+00   0.00e+00   0.0%
----------------------------------------------------------------
Total                  7.31e-05   1.24e-05   2.91e-08   8.56e-05 100.0%
                          85.4%      14.5%       0.0%

