Instance,Terminal,Layer,X location,Y location,Voltage
FILLER_0_20_145,VPWR,li1,72.4500,68.0000,1.800000
FILLER_0_20_141,VPWR,li1,71.3000,68.0000,1.800000
FILLER_0_20_137,VPWR,li1,69.2300,68.0000,1.800000
FILLER_0_20_125,VPWR,li1,65.7800,68.0000,1.800000
FILLER_0_20_113,VPWR,li1,60.2600,68.0000,1.800000
FILLER_0_20_109,VPWR,li1,56.3500,68.0000,1.800000
FILLER_0_20_97,VPWR,li1,52.9000,68.0000,1.800000
FILLER_0_20_93,VPWR,li1,48.5300,68.0000,1.800000
FILLER_0_20_85,VPWR,li1,46.4600,68.0000,1.800000
FILLER_0_20_81,VPWR,li1,43.4700,68.0000,1.800000
FILLER_0_20_69,VPWR,li1,40.0200,68.0000,1.800000
FILLER_0_20_57,VPWR,li1,34.5000,68.0000,1.800000
FILLER_0_20_55,VPWR,li1,31.0500,68.0000,1.800000
FILLER_0_20_47,VPWR,li1,28.9800,68.0000,1.800000
FILLER_0_20_35,VPWR,li1,24.3800,68.0000,1.800000
FILLER_0_20_26,VPWR,li1,17.9400,68.0000,1.800000
FILLER_0_20_18,VPWR,li1,15.6400,68.0000,1.800000
FILLER_0_20_6,VPWR,li1,11.0400,68.0000,1.800000
FILLER_0_19_145,VPWR,li1,72.4500,62.5600,1.800000
FILLER_0_19_137,VPWR,li1,70.3800,62.5600,1.800000
FILLER_0_19_125,VPWR,li1,65.7800,62.5600,1.800000
FILLER_0_19_113,VPWR,li1,60.2600,62.5600,1.800000
FILLER_0_19_111,VPWR,li1,56.8100,62.5600,1.800000
FILLER_0_19_105,VPWR,li1,55.2000,62.5600,1.800000
FILLER_0_19_93,VPWR,li1,51.0600,62.5600,1.800000
FILLER_0_19_81,VPWR,li1,45.5400,62.5600,1.800000
FILLER_0_19_69,VPWR,li1,40.0200,62.5600,1.800000
FILLER_0_19_57,VPWR,li1,34.5000,62.5600,1.800000
FILLER_0_19_55,VPWR,li1,31.0500,62.5600,1.800000
FILLER_0_19_51,VPWR,li1,29.9000,62.5600,1.800000
FILLER_0_19_39,VPWR,li1,26.2200,62.5600,1.800000
FILLER_0_19_27,VPWR,li1,20.7000,62.5600,1.800000
FILLER_0_19_15,VPWR,li1,15.1800,62.5600,1.800000
FILLER_0_19_3,VPWR,li1,9.6600,62.5600,1.800000
FILLER_0_18_145,VPWR,li1,72.4500,62.5600,1.800000
FILLER_0_18_141,VPWR,li1,71.3000,62.5600,1.800000
FILLER_0_18_139,VPWR,li1,69.6900,62.5600,1.800000
FILLER_0_18_133,VPWR,li1,68.0800,62.5600,1.800000
FILLER_0_18_121,VPWR,li1,63.9400,62.5600,1.800000
FILLER_0_18_109,VPWR,li1,58.4200,62.5600,1.800000
FILLER_0_18_97,VPWR,li1,52.9000,62.5600,1.800000
FILLER_0_18_85,VPWR,li1,47.3800,62.5600,1.800000
FILLER_0_18_83,VPWR,li1,43.9300,62.5600,1.800000
FILLER_0_18_77,VPWR,li1,42.3200,62.5600,1.800000
FILLER_0_18_65,VPWR,li1,38.1800,62.5600,1.800000
FILLER_0_18_53,VPWR,li1,32.6600,62.5600,1.800000
FILLER_0_18_41,VPWR,li1,27.1400,62.5600,1.800000
FILLER_0_18_29,VPWR,li1,21.6200,62.5600,1.800000
FILLER_0_18_27,VPWR,li1,18.1700,62.5600,1.800000
FILLER_0_18_15,VPWR,li1,15.1800,62.5600,1.800000
FILLER_0_18_3,VPWR,li1,9.6600,62.5600,1.800000
FILLER_0_17_145,VPWR,li1,72.4500,57.1200,1.800000
FILLER_0_17_137,VPWR,li1,70.3800,57.1200,1.800000
FILLER_0_17_125,VPWR,li1,65.7800,57.1200,1.800000
FILLER_0_17_113,VPWR,li1,60.2600,57.1200,1.800000
FILLER_0_17_111,VPWR,li1,56.8100,57.1200,1.800000
FILLER_0_17_105,VPWR,li1,55.2000,57.1200,1.800000
FILLER_0_17_93,VPWR,li1,51.0600,57.1200,1.800000
FILLER_0_17_81,VPWR,li1,45.5400,57.1200,1.800000
FILLER_0_17_69,VPWR,li1,40.0200,57.1200,1.800000
FILLER_0_17_57,VPWR,li1,34.5000,57.1200,1.800000
FILLER_0_17_55,VPWR,li1,31.0500,57.1200,1.800000
FILLER_0_17_51,VPWR,li1,29.9000,57.1200,1.800000
FILLER_0_17_39,VPWR,li1,26.2200,57.1200,1.800000
FILLER_0_17_27,VPWR,li1,20.7000,57.1200,1.800000
FILLER_0_17_15,VPWR,li1,15.1800,57.1200,1.800000
FILLER_0_17_3,VPWR,li1,9.6600,57.1200,1.800000
FILLER_0_16_145,VPWR,li1,72.4500,57.1200,1.800000
FILLER_0_16_141,VPWR,li1,71.3000,57.1200,1.800000
FILLER_0_16_139,VPWR,li1,69.6900,57.1200,1.800000
FILLER_0_16_131,VPWR,li1,67.6200,57.1200,1.800000
FILLER_0_16_119,VPWR,li1,63.0200,57.1200,1.800000
FILLER_0_16_115,VPWR,li1,58.6500,57.1200,1.800000
FILLER_0_16_109,VPWR,li1,57.0400,57.1200,1.800000
FILLER_0_16_97,VPWR,li1,52.9000,57.1200,1.800000
FILLER_0_16_85,VPWR,li1,47.3800,57.1200,1.800000
FILLER_0_16_83,VPWR,li1,43.9300,57.1200,1.800000
FILLER_0_16_77,VPWR,li1,42.3200,57.1200,1.800000
FILLER_0_16_65,VPWR,li1,38.1800,57.1200,1.800000
FILLER_0_16_53,VPWR,li1,32.6600,57.1200,1.800000
FILLER_0_16_41,VPWR,li1,27.1400,57.1200,1.800000
FILLER_0_16_29,VPWR,li1,21.6200,57.1200,1.800000
FILLER_0_16_27,VPWR,li1,18.1700,57.1200,1.800000
FILLER_0_16_15,VPWR,li1,15.1800,57.1200,1.800000
FILLER_0_16_3,VPWR,li1,9.6600,57.1200,1.800000
FILLER_0_15_145,VPWR,li1,72.4500,51.6800,1.799976
FILLER_0_15_133,VPWR,li1,69.4600,51.6800,1.799976
FILLER_0_15_69,VPWR,li1,37.9500,51.6800,1.799988
FILLER_0_15_57,VPWR,li1,34.5000,51.6800,1.799991
FILLER_0_15_55,VPWR,li1,31.0500,51.6800,1.799994
FILLER_0_15_51,VPWR,li1,29.9000,51.6800,1.799994
FILLER_0_15_39,VPWR,li1,26.2200,51.6800,1.799995
FILLER_0_15_27,VPWR,li1,20.7000,51.6800,1.799996
FILLER_0_15_15,VPWR,li1,15.1800,51.6800,1.799998
FILLER_0_15_3,VPWR,li1,9.6600,51.6800,1.799998
FILLER_0_14_141,VPWR,li1,70.8400,51.6800,1.799976
FILLER_0_14_138,VPWR,li1,69.4600,51.6800,1.799976
FILLER_0_14_130,VPWR,li1,67.1600,51.6800,1.799976
FILLER_0_14_108,VPWR,li1,55.6600,51.6800,1.799971
FILLER_0_14_101,VPWR,li1,52.2100,51.6800,1.799974
FILLER_0_14_93,VPWR,li1,50.1400,51.6800,1.799977
FILLER_0_14_85,VPWR,li1,45.0800,51.6800,1.799984
FILLER_0_14_83,VPWR,li1,43.9300,51.6800,1.799984
FILLER_0_14_77,VPWR,li1,42.3200,51.6800,1.799984
FILLER_0_14_65,VPWR,li1,38.1800,51.6800,1.799988
FILLER_0_14_53,VPWR,li1,32.6600,51.6800,1.799992
FILLER_0_14_41,VPWR,li1,27.1400,51.6800,1.799995
FILLER_0_14_29,VPWR,li1,21.6200,51.6800,1.799996
FILLER_0_14_27,VPWR,li1,18.1700,51.6800,1.799997
FILLER_0_14_15,VPWR,li1,15.1800,51.6800,1.799998
FILLER_0_14_3,VPWR,li1,9.6600,51.6800,1.799998
FILLER_0_13_143,VPWR,li1,71.9900,46.2400,1.800000
FILLER_0_13_131,VPWR,li1,68.5400,46.2400,1.800000
FILLER_0_13_119,VPWR,li1,63.0200,46.2400,1.800000
FILLER_0_13_111,VPWR,li1,56.8100,46.2400,1.800000
FILLER_0_13_105,VPWR,li1,55.2000,46.2400,1.800000
FILLER_0_13_93,VPWR,li1,51.0600,46.2400,1.800000
FILLER_0_13_81,VPWR,li1,45.5400,46.2400,1.800000
FILLER_0_13_69,VPWR,li1,40.0200,46.2400,1.800000
FILLER_0_13_57,VPWR,li1,34.5000,46.2400,1.800000
FILLER_0_13_55,VPWR,li1,31.0500,46.2400,1.800000
FILLER_0_13_51,VPWR,li1,29.9000,46.2400,1.800000
FILLER_0_13_39,VPWR,li1,26.2200,46.2400,1.800000
FILLER_0_13_27,VPWR,li1,20.7000,46.2400,1.800000
FILLER_0_13_15,VPWR,li1,15.1800,46.2400,1.800000
FILLER_0_13_3,VPWR,li1,9.6600,46.2400,1.800000
FILLER_0_12_145,VPWR,li1,72.4500,46.2400,1.800000
FILLER_0_12_141,VPWR,li1,71.3000,46.2400,1.800000
FILLER_0_12_139,VPWR,li1,69.6900,46.2400,1.800000
FILLER_0_12_133,VPWR,li1,68.0800,46.2400,1.800000
FILLER_0_12_121,VPWR,li1,63.9400,46.2400,1.800000
FILLER_0_12_109,VPWR,li1,58.4200,46.2400,1.800000
FILLER_0_12_97,VPWR,li1,52.9000,46.2400,1.800000
FILLER_0_12_85,VPWR,li1,47.3800,46.2400,1.800000
FILLER_0_12_83,VPWR,li1,43.9300,46.2400,1.800000
FILLER_0_12_77,VPWR,li1,42.3200,46.2400,1.800000
FILLER_0_12_65,VPWR,li1,38.1800,46.2400,1.800000
FILLER_0_12_53,VPWR,li1,32.6600,46.2400,1.800000
FILLER_0_12_41,VPWR,li1,27.1400,46.2400,1.800000
FILLER_0_12_29,VPWR,li1,21.6200,46.2400,1.800000
FILLER_0_12_27,VPWR,li1,18.1700,46.2400,1.800000
FILLER_0_12_15,VPWR,li1,15.1800,46.2400,1.800000
FILLER_0_12_3,VPWR,li1,9.6600,46.2400,1.800000
FILLER_0_11_145,VPWR,li1,72.4500,40.8000,1.799984
FILLER_0_11_137,VPWR,li1,70.3800,40.8000,1.799984
FILLER_0_11_125,VPWR,li1,65.7800,40.8000,1.799984
FILLER_0_11_113,VPWR,li1,60.2600,40.8000,1.799976
FILLER_0_11_111,VPWR,li1,56.8100,40.8000,1.799975
FILLER_0_11_105,VPWR,li1,55.2000,40.8000,1.799975
FILLER_0_11_93,VPWR,li1,51.0600,40.8000,1.799982
FILLER_0_11_81,VPWR,li1,45.5400,40.8000,1.799990
FILLER_0_11_69,VPWR,li1,40.0200,40.8000,1.799992
FILLER_0_11_57,VPWR,li1,34.5000,40.8000,1.799994
FILLER_0_11_55,VPWR,li1,31.0500,40.8000,1.799996
FILLER_0_11_51,VPWR,li1,29.9000,40.8000,1.799996
FILLER_0_11_39,VPWR,li1,26.2200,40.8000,1.799997
FILLER_0_11_27,VPWR,li1,20.7000,40.8000,1.799998
FILLER_0_11_15,VPWR,li1,15.1800,40.8000,1.799999
FILLER_0_11_3,VPWR,li1,9.6600,40.8000,1.799999
FILLER_0_10_145,VPWR,li1,72.4500,40.8000,1.799984
FILLER_0_10_141,VPWR,li1,71.3000,40.8000,1.799984
FILLER_0_10_139,VPWR,li1,69.6900,40.8000,1.799984
FILLER_0_10_135,VPWR,li1,68.5400,40.8000,1.799984
FILLER_0_10_123,VPWR,li1,64.8600,40.8000,1.799984
FILLER_0_10_97,VPWR,li1,51.5200,40.8000,1.799982
FILLER_0_10_85,VPWR,li1,47.3800,40.8000,1.799988
FILLER_0_10_83,VPWR,li1,43.9300,40.8000,1.799991
FILLER_0_10_77,VPWR,li1,42.3200,40.8000,1.799991
FILLER_0_10_65,VPWR,li1,38.1800,40.8000,1.799992
FILLER_0_10_53,VPWR,li1,32.6600,40.8000,1.799995
FILLER_0_10_41,VPWR,li1,27.1400,40.8000,1.799997
FILLER_0_10_29,VPWR,li1,21.6200,40.8000,1.799998
FILLER_0_10_27,VPWR,li1,18.1700,40.8000,1.799998
FILLER_0_10_15,VPWR,li1,15.1800,40.8000,1.799999
FILLER_0_10_3,VPWR,li1,9.6600,40.8000,1.799999
FILLER_0_9_145,VPWR,li1,72.4500,35.3600,1.799994
FILLER_0_9_137,VPWR,li1,70.3800,35.3600,1.799994
FILLER_0_9_125,VPWR,li1,65.7800,35.3600,1.799994
FILLER_0_9_113,VPWR,li1,60.2600,35.3600,1.799991
FILLER_0_9_111,VPWR,li1,56.8100,35.3600,1.799988
FILLER_0_9_105,VPWR,li1,55.2000,35.3600,1.799988
FILLER_0_9_77,VPWR,li1,41.6300,35.3600,1.799987
FILLER_0_9_69,VPWR,li1,39.1000,35.3600,1.799989
FILLER_0_9_57,VPWR,li1,34.5000,35.3600,1.799992
FILLER_0_9_55,VPWR,li1,31.0500,35.3600,1.799995
FILLER_0_9_51,VPWR,li1,29.9000,35.3600,1.799995
FILLER_0_9_39,VPWR,li1,26.2200,35.3600,1.799996
FILLER_0_9_27,VPWR,li1,20.7000,35.3600,1.799997
FILLER_0_9_15,VPWR,li1,15.1800,35.3600,1.799998
FILLER_0_9_3,VPWR,li1,9.6600,35.3600,1.799998
FILLER_0_8_145,VPWR,li1,72.4500,35.3600,1.799994
FILLER_0_8_141,VPWR,li1,71.3000,35.3600,1.799994
FILLER_0_8_138,VPWR,li1,69.4600,35.3600,1.799994
FILLER_0_8_130,VPWR,li1,67.1600,35.3600,1.799994
FILLER_0_8_118,VPWR,li1,62.5600,35.3600,1.799993
FILLER_0_8_106,VPWR,li1,57.0400,35.3600,1.799989
FILLER_0_8_94,VPWR,li1,51.5200,35.3600,1.799986
FILLER_0_8_83,VPWR,li1,43.9300,35.3600,1.799985
FILLER_0_8_77,VPWR,li1,42.3200,35.3600,1.799987
FILLER_0_8_65,VPWR,li1,38.1800,35.3600,1.799989
FILLER_0_8_53,VPWR,li1,32.6600,35.3600,1.799993
FILLER_0_8_41,VPWR,li1,27.1400,35.3600,1.799996
FILLER_0_8_29,VPWR,li1,21.6200,35.3600,1.799997
FILLER_0_8_27,VPWR,li1,18.1700,35.3600,1.799997
FILLER_0_8_15,VPWR,li1,15.1800,35.3600,1.799998
FILLER_0_8_3,VPWR,li1,9.6600,35.3600,1.799998
FILLER_0_7_145,VPWR,li1,72.4500,29.9200,1.799998
FILLER_0_7_137,VPWR,li1,70.3800,29.9200,1.799998
FILLER_0_7_125,VPWR,li1,65.7800,29.9200,1.799998
FILLER_0_7_113,VPWR,li1,60.2600,29.9200,1.799998
FILLER_0_7_106,VPWR,li1,55.6600,29.9200,1.799997
FILLER_0_7_94,VPWR,li1,51.5200,29.9200,1.799996
FILLER_0_7_89,VPWR,li1,46.9200,29.9200,1.799997
FILLER_0_7_81,VPWR,li1,44.6200,29.9200,1.799997
FILLER_0_7_69,VPWR,li1,40.0200,29.9200,1.799998
FILLER_0_7_57,VPWR,li1,34.5000,29.9200,1.799999
FILLER_0_7_54,VPWR,li1,30.8200,29.9200,1.799999
FILLER_0_7_42,VPWR,li1,27.6000,29.9200,1.799999
FILLER_0_7_30,VPWR,li1,22.0800,29.9200,1.799999
FILLER_0_7_18,VPWR,li1,16.5600,29.9200,1.800000
FILLER_0_7_6,VPWR,li1,11.0400,29.9200,1.800000
FILLER_0_6_145,VPWR,li1,72.4500,29.9200,1.799998
FILLER_0_6_141,VPWR,li1,71.3000,29.9200,1.799998
FILLER_0_6_137,VPWR,li1,69.2300,29.9200,1.799998
FILLER_0_6_129,VPWR,li1,66.7000,29.9200,1.799998
FILLER_0_6_117,VPWR,li1,62.1000,29.9200,1.799998
FILLER_0_6_105,VPWR,li1,56.5800,29.9200,1.799997
FILLER_0_6_83,VPWR,li1,43.9300,29.9200,1.799997
FILLER_0_6_79,VPWR,li1,42.7800,29.9200,1.799997
FILLER_0_6_73,VPWR,li1,39.7900,29.9200,1.799998
FILLER_0_6_65,VPWR,li1,37.2600,29.9200,1.799998
FILLER_0_6_53,VPWR,li1,32.6600,29.9200,1.799999
FILLER_0_6_41,VPWR,li1,27.1400,29.9200,1.799999
FILLER_0_6_29,VPWR,li1,21.6200,29.9200,1.799999
FILLER_0_6_27,VPWR,li1,18.1700,29.9200,1.800000
FILLER_0_6_15,VPWR,li1,15.1800,29.9200,1.800000
FILLER_0_6_3,VPWR,li1,9.6600,29.9200,1.800000
FILLER_0_5_145,VPWR,li1,72.4500,24.4800,1.799999
FILLER_0_5_137,VPWR,li1,70.3800,24.4800,1.799999
FILLER_0_5_125,VPWR,li1,65.7800,24.4800,1.799999
FILLER_0_5_113,VPWR,li1,60.2600,24.4800,1.799999
FILLER_0_5_111,VPWR,li1,56.8100,24.4800,1.799998
FILLER_0_5_105,VPWR,li1,55.2000,24.4800,1.799998
FILLER_0_5_93,VPWR,li1,51.0600,24.4800,1.799998
FILLER_0_5_69,VPWR,li1,37.9500,24.4800,1.799997
FILLER_0_5_57,VPWR,li1,34.5000,24.4800,1.799997
FILLER_0_5_55,VPWR,li1,31.0500,24.4800,1.799998
FILLER_0_5_51,VPWR,li1,29.9000,24.4800,1.799998
FILLER_0_5_39,VPWR,li1,26.2200,24.4800,1.799999
FILLER_0_5_27,VPWR,li1,20.7000,24.4800,1.799999
FILLER_0_5_15,VPWR,li1,15.1800,24.4800,1.799999
FILLER_0_5_3,VPWR,li1,9.6600,24.4800,1.799999
FILLER_0_4_145,VPWR,li1,72.4500,24.4800,1.799999
FILLER_0_4_141,VPWR,li1,71.3000,24.4800,1.799999
FILLER_0_4_139,VPWR,li1,69.6900,24.4800,1.799999
FILLER_0_4_133,VPWR,li1,68.0800,24.4800,1.799999
FILLER_0_4_121,VPWR,li1,63.9400,24.4800,1.799999
FILLER_0_4_109,VPWR,li1,58.4200,24.4800,1.799998
FILLER_0_4_97,VPWR,li1,52.9000,24.4800,1.799998
FILLER_0_4_85,VPWR,li1,47.3800,24.4800,1.799997
FILLER_0_4_83,VPWR,li1,43.9300,24.4800,1.799996
FILLER_0_4_77,VPWR,li1,42.3200,24.4800,1.799996
FILLER_0_4_65,VPWR,li1,38.1800,24.4800,1.799997
FILLER_0_4_53,VPWR,li1,32.6600,24.4800,1.799998
FILLER_0_4_41,VPWR,li1,27.1400,24.4800,1.799999
FILLER_0_4_29,VPWR,li1,21.6200,24.4800,1.799999
FILLER_0_4_27,VPWR,li1,18.1700,24.4800,1.799999
FILLER_0_4_15,VPWR,li1,15.1800,24.4800,1.799999
FILLER_0_4_3,VPWR,li1,9.6600,24.4800,1.799999
FILLER_0_3_145,VPWR,li1,72.4500,19.0400,1.800000
FILLER_0_3_137,VPWR,li1,70.3800,19.0400,1.800000
FILLER_0_3_125,VPWR,li1,65.7800,19.0400,1.800000
FILLER_0_3_113,VPWR,li1,60.2600,19.0400,1.800000
FILLER_0_3_108,VPWR,li1,56.1200,19.0400,1.800000
FILLER_0_3_93,VPWR,li1,51.0600,19.0400,1.800000
FILLER_0_3_81,VPWR,li1,45.5400,19.0400,1.800000
FILLER_0_3_69,VPWR,li1,40.0200,19.0400,1.800000
FILLER_0_3_57,VPWR,li1,34.5000,19.0400,1.800000
FILLER_0_3_55,VPWR,li1,31.0500,19.0400,1.800000
FILLER_0_3_49,VPWR,li1,29.4400,19.0400,1.800000
FILLER_0_3_45,VPWR,li1,26.4500,19.0400,1.800000
FILLER_0_3_39,VPWR,li1,24.8400,19.0400,1.800000
FILLER_0_3_27,VPWR,li1,20.7000,19.0400,1.800000
FILLER_0_3_23,VPWR,li1,16.3300,19.0400,1.800000
FILLER_0_3_15,VPWR,li1,14.2600,19.0400,1.800000
FILLER_0_3_3,VPWR,li1,9.6600,19.0400,1.800000
FILLER_0_2_145,VPWR,li1,72.4500,19.0400,1.800000
FILLER_0_2_141,VPWR,li1,71.3000,19.0400,1.800000
FILLER_0_2_139,VPWR,li1,69.6900,19.0400,1.800000
FILLER_0_2_133,VPWR,li1,68.0800,19.0400,1.800000
FILLER_0_2_121,VPWR,li1,63.9400,19.0400,1.800000
FILLER_0_2_109,VPWR,li1,58.4200,19.0400,1.800000
FILLER_0_2_97,VPWR,li1,52.9000,19.0400,1.800000
FILLER_0_2_85,VPWR,li1,47.3800,19.0400,1.800000
FILLER_0_2_83,VPWR,li1,43.9300,19.0400,1.800000
FILLER_0_2_77,VPWR,li1,42.3200,19.0400,1.800000
FILLER_0_2_65,VPWR,li1,38.1800,19.0400,1.800000
FILLER_0_2_53,VPWR,li1,32.6600,19.0400,1.800000
FILLER_0_2_41,VPWR,li1,27.1400,19.0400,1.800000
FILLER_0_2_29,VPWR,li1,21.6200,19.0400,1.800000
FILLER_0_2_27,VPWR,li1,18.1700,19.0400,1.800000
FILLER_0_2_15,VPWR,li1,15.1800,19.0400,1.800000
FILLER_0_2_3,VPWR,li1,9.6600,19.0400,1.800000
FILLER_0_1_141,VPWR,li1,70.6100,13.6000,1.800000
FILLER_0_1_137,VPWR,li1,69.4600,13.6000,1.800000
FILLER_0_1_125,VPWR,li1,65.7800,13.6000,1.800000
FILLER_0_1_113,VPWR,li1,60.2600,13.6000,1.800000
FILLER_0_1_111,VPWR,li1,56.8100,13.6000,1.800000
FILLER_0_1_105,VPWR,li1,55.2000,13.6000,1.800000
FILLER_0_1_93,VPWR,li1,51.0600,13.6000,1.800000
FILLER_0_1_81,VPWR,li1,45.5400,13.6000,1.800000
FILLER_0_1_69,VPWR,li1,40.0200,13.6000,1.800000
FILLER_0_1_57,VPWR,li1,34.5000,13.6000,1.800000
FILLER_0_1_55,VPWR,li1,31.0500,13.6000,1.800000
FILLER_0_1_51,VPWR,li1,29.9000,13.6000,1.800000
FILLER_0_1_39,VPWR,li1,26.2200,13.6000,1.800000
FILLER_0_1_27,VPWR,li1,20.7000,13.6000,1.800000
FILLER_0_1_15,VPWR,li1,15.1800,13.6000,1.800000
FILLER_0_1_3,VPWR,li1,9.6600,13.6000,1.800000
FILLER_0_0_145,VPWR,li1,72.4500,13.6000,1.800000
FILLER_0_0_141,VPWR,li1,71.3000,13.6000,1.800000
FILLER_0_0_138,VPWR,li1,69.4600,13.6000,1.800000
FILLER_0_0_126,VPWR,li1,66.2400,13.6000,1.800000
FILLER_0_0_121,VPWR,li1,61.4100,13.6000,1.800000
FILLER_0_0_113,VPWR,li1,59.3400,13.6000,1.800000
FILLER_0_0_109,VPWR,li1,56.3500,13.6000,1.800000
FILLER_0_0_97,VPWR,li1,52.9000,13.6000,1.800000
FILLER_0_0_85,VPWR,li1,47.3800,13.6000,1.800000
FILLER_0_0_81,VPWR,li1,43.4700,13.6000,1.800000
FILLER_0_0_69,VPWR,li1,40.0200,13.6000,1.800000
FILLER_0_0_57,VPWR,li1,34.5000,13.6000,1.800000
FILLER_0_0_49,VPWR,li1,28.7500,13.6000,1.800000
FILLER_0_0_41,VPWR,li1,26.2200,13.6000,1.800000
FILLER_0_0_29,VPWR,li1,21.6200,13.6000,1.800000
FILLER_0_0_27,VPWR,li1,18.1700,13.6000,1.800000
FILLER_0_0_21,VPWR,li1,16.5600,13.6000,1.800000
FILLER_0_0_9,VPWR,li1,12.4200,13.6000,1.800000
clkload0,VPWR,li1,53.1300,51.6800,1.799974
clkbuf_1_1__f_clk,VPWR,li1,60.7200,51.6800,1.799965
clkbuf_1_0__f_clk,VPWR,li1,46.9200,35.3600,1.799984
clkbuf_0_clk,VPWR,li1,57.5000,40.8000,1.799972
soc_top_6,VPWR,li1,49.4500,68.0000,1.800000
output5,VPWR,li1,20.2400,68.0000,1.800000
output4,VPWR,li1,30.3600,13.6000,1.800000
output3,VPWR,li1,62.5600,13.6000,1.800000
output2,VPWR,li1,8.2800,13.6000,1.800000
input1,VPWR,li1,71.7600,13.6000,1.800000
soc_top_9,VPWR,li1,7.5900,68.0000,1.800000
soc_top_8,VPWR,li1,71.9900,51.6800,1.799976
soc_top_7,VPWR,li1,7.5900,29.9200,1.800000
TAP_TAPCELL_ROW_20_98,VPWR,li1,70.1500,67.6930,1.800000
TAP_TAPCELL_ROW_20_97,VPWR,li1,57.2700,67.6930,1.800000
TAP_TAPCELL_ROW_20_96,VPWR,li1,44.3900,67.6930,1.800000
TAP_TAPCELL_ROW_20_95,VPWR,li1,31.5100,67.6930,1.800000
TAP_TAPCELL_ROW_20_94,VPWR,li1,18.6300,67.6930,1.800000
TAP_TAPCELL_ROW_19_93,VPWR,li1,57.2700,62.8660,1.800000
TAP_TAPCELL_ROW_19_92,VPWR,li1,31.5100,62.8660,1.800000
TAP_TAPCELL_ROW_18_91,VPWR,li1,70.1500,62.2530,1.800000
TAP_TAPCELL_ROW_18_90,VPWR,li1,44.3900,62.2530,1.800000
TAP_TAPCELL_ROW_18_89,VPWR,li1,18.6300,62.2530,1.800000
TAP_TAPCELL_ROW_17_88,VPWR,li1,57.2700,57.4260,1.800000
TAP_TAPCELL_ROW_17_87,VPWR,li1,31.5100,57.4260,1.800000
TAP_TAPCELL_ROW_16_86,VPWR,li1,70.1500,56.8130,1.800000
TAP_TAPCELL_ROW_16_85,VPWR,li1,44.3900,56.8130,1.800000
TAP_TAPCELL_ROW_16_84,VPWR,li1,18.6300,56.8130,1.800000
TAP_TAPCELL_ROW_15_83,VPWR,li1,57.2700,51.9860,1.799968
TAP_TAPCELL_ROW_15_82,VPWR,li1,31.5100,51.9860,1.799994
TAP_TAPCELL_ROW_14_81,VPWR,li1,70.1500,51.3730,1.799976
TAP_TAPCELL_ROW_14_80,VPWR,li1,44.3900,51.3730,1.799984
TAP_TAPCELL_ROW_14_79,VPWR,li1,18.6300,51.3730,1.799997
TAP_TAPCELL_ROW_13_78,VPWR,li1,57.2700,46.5460,1.800000
TAP_TAPCELL_ROW_13_77,VPWR,li1,31.5100,46.5460,1.800000
TAP_TAPCELL_ROW_12_76,VPWR,li1,70.1500,45.9330,1.800000
TAP_TAPCELL_ROW_12_75,VPWR,li1,44.3900,45.9330,1.800000
TAP_TAPCELL_ROW_12_74,VPWR,li1,18.6300,45.9330,1.800000
TAP_TAPCELL_ROW_11_73,VPWR,li1,57.2700,41.1060,1.799972
TAP_TAPCELL_ROW_11_72,VPWR,li1,31.5100,41.1060,1.799996
TAP_TAPCELL_ROW_10_71,VPWR,li1,70.1500,40.4930,1.799984
TAP_TAPCELL_ROW_10_70,VPWR,li1,44.3900,40.4930,1.799990
TAP_TAPCELL_ROW_10_69,VPWR,li1,18.6300,40.4930,1.799998
TAP_TAPCELL_ROW_9_68,VPWR,li1,57.2700,35.6660,1.799989
TAP_TAPCELL_ROW_9_67,VPWR,li1,31.5100,35.6660,1.799995
TAP_TAPCELL_ROW_8_66,VPWR,li1,70.1500,35.0530,1.799994
TAP_TAPCELL_ROW_8_65,VPWR,li1,44.3900,35.0530,1.799985
TAP_TAPCELL_ROW_8_64,VPWR,li1,18.6300,35.0530,1.799997
TAP_TAPCELL_ROW_7_63,VPWR,li1,57.2700,30.2260,1.799997
TAP_TAPCELL_ROW_7_62,VPWR,li1,31.5100,30.2260,1.799999
TAP_TAPCELL_ROW_6_61,VPWR,li1,70.1500,29.6130,1.799998
TAP_TAPCELL_ROW_6_60,VPWR,li1,44.3900,29.6130,1.799997
TAP_TAPCELL_ROW_6_59,VPWR,li1,18.6300,29.6130,1.799999
TAP_TAPCELL_ROW_5_58,VPWR,li1,57.2700,24.7860,1.799998
TAP_TAPCELL_ROW_5_57,VPWR,li1,31.5100,24.7860,1.799998
TAP_TAPCELL_ROW_4_56,VPWR,li1,70.1500,24.1730,1.799999
TAP_TAPCELL_ROW_4_55,VPWR,li1,44.3900,24.1730,1.799996
TAP_TAPCELL_ROW_4_54,VPWR,li1,18.6300,24.1730,1.799999
TAP_TAPCELL_ROW_3_53,VPWR,li1,57.2700,19.3460,1.800000
TAP_TAPCELL_ROW_3_52,VPWR,li1,31.5100,19.3460,1.800000
TAP_TAPCELL_ROW_2_51,VPWR,li1,70.1500,18.7330,1.800000
TAP_TAPCELL_ROW_2_50,VPWR,li1,44.3900,18.7330,1.800000
TAP_TAPCELL_ROW_2_49,VPWR,li1,18.6300,18.7330,1.800000
TAP_TAPCELL_ROW_1_48,VPWR,li1,57.2700,13.9060,1.800000
TAP_TAPCELL_ROW_1_47,VPWR,li1,31.5100,13.9060,1.800000
TAP_TAPCELL_ROW_0_46,VPWR,li1,70.1500,13.2930,1.800000
TAP_TAPCELL_ROW_0_45,VPWR,li1,57.2700,13.2930,1.800000
TAP_TAPCELL_ROW_0_44,VPWR,li1,44.3900,13.2930,1.800000
TAP_TAPCELL_ROW_0_43,VPWR,li1,31.5100,13.2930,1.800000
TAP_TAPCELL_ROW_0_42,VPWR,li1,18.6300,13.2930,1.800000
PHY_EDGE_ROW_20_Left_41,VPWR,li1,6.2100,68.0000,1.800000
PHY_EDGE_ROW_19_Left_40,VPWR,li1,6.2100,62.5600,1.800000
PHY_EDGE_ROW_18_Left_39,VPWR,li1,6.2100,62.5600,1.800000
PHY_EDGE_ROW_17_Left_38,VPWR,li1,6.2100,57.1200,1.800000
PHY_EDGE_ROW_16_Left_37,VPWR,li1,6.2100,57.1200,1.800000
PHY_EDGE_ROW_15_Left_36,VPWR,li1,6.2100,51.6800,1.799998
PHY_EDGE_ROW_14_Left_35,VPWR,li1,6.2100,51.6800,1.799998
PHY_EDGE_ROW_13_Left_34,VPWR,li1,6.2100,46.2400,1.800000
PHY_EDGE_ROW_12_Left_33,VPWR,li1,6.2100,46.2400,1.800000
PHY_EDGE_ROW_11_Left_32,VPWR,li1,6.2100,40.8000,1.799999
PHY_EDGE_ROW_10_Left_31,VPWR,li1,6.2100,40.8000,1.799999
PHY_EDGE_ROW_9_Left_30,VPWR,li1,6.2100,35.3600,1.799998
PHY_EDGE_ROW_8_Left_29,VPWR,li1,6.2100,35.3600,1.799998
PHY_EDGE_ROW_7_Left_28,VPWR,li1,6.2100,29.9200,1.800000
PHY_EDGE_ROW_6_Left_27,VPWR,li1,6.2100,29.9200,1.800000
PHY_EDGE_ROW_5_Left_26,VPWR,li1,6.2100,24.4800,1.799999
PHY_EDGE_ROW_4_Left_25,VPWR,li1,6.2100,24.4800,1.799999
PHY_EDGE_ROW_3_Left_24,VPWR,li1,6.2100,19.0400,1.800000
PHY_EDGE_ROW_2_Left_23,VPWR,li1,6.2100,19.0400,1.800000
PHY_EDGE_ROW_1_Left_22,VPWR,li1,6.2100,13.6000,1.800000
PHY_EDGE_ROW_0_Left_21,VPWR,li1,6.2100,13.6000,1.800000
PHY_EDGE_ROW_20_Right_20,VPWR,li1,73.3700,68.0000,1.800000
PHY_EDGE_ROW_19_Right_19,VPWR,li1,73.3700,62.5600,1.800000
PHY_EDGE_ROW_18_Right_18,VPWR,li1,73.3700,62.5600,1.800000
PHY_EDGE_ROW_17_Right_17,VPWR,li1,73.3700,57.1200,1.800000
PHY_EDGE_ROW_16_Right_16,VPWR,li1,73.3700,57.1200,1.800000
PHY_EDGE_ROW_15_Right_15,VPWR,li1,73.3700,51.6800,1.799976
PHY_EDGE_ROW_14_Right_14,VPWR,li1,73.3700,51.6800,1.799976
PHY_EDGE_ROW_13_Right_13,VPWR,li1,73.3700,46.2400,1.800000
PHY_EDGE_ROW_12_Right_12,VPWR,li1,73.3700,46.2400,1.800000
PHY_EDGE_ROW_11_Right_11,VPWR,li1,73.3700,40.8000,1.799984
PHY_EDGE_ROW_10_Right_10,VPWR,li1,73.3700,40.8000,1.799984
PHY_EDGE_ROW_9_Right_9,VPWR,li1,73.3700,35.3600,1.799994
PHY_EDGE_ROW_8_Right_8,VPWR,li1,73.3700,35.3600,1.799994
PHY_EDGE_ROW_7_Right_7,VPWR,li1,73.3700,29.9200,1.799998
PHY_EDGE_ROW_6_Right_6,VPWR,li1,73.3700,29.9200,1.799998
PHY_EDGE_ROW_5_Right_5,VPWR,li1,73.3700,24.4800,1.799999
PHY_EDGE_ROW_4_Right_4,VPWR,li1,73.3700,24.4800,1.799999
PHY_EDGE_ROW_3_Right_3,VPWR,li1,73.3700,19.0400,1.800000
PHY_EDGE_ROW_2_Right_2,VPWR,li1,73.3700,19.0400,1.800000
PHY_EDGE_ROW_1_Right_1,VPWR,li1,73.3700,13.6000,1.800000
PHY_EDGE_ROW_0_Right_0,VPWR,li1,73.3700,13.6000,1.800000
_27_,VPWR,li1,27.3700,19.0400,1.800000
_26_,VPWR,li1,54.5100,19.0400,1.800000
_25_,VPWR,li1,17.2500,19.0400,1.800000
_20_,VPWR,li1,43.4700,24.4800,1.799996
_19_,VPWR,li1,43.2400,51.6800,1.799984
_18_,VPWR,li1,49.2200,29.9200,1.799996
_17_,VPWR,li1,62.1000,51.6800,1.799965
_16_,VPWR,li1,52.4400,51.6800,1.799974
_15_,VPWR,li1,41.1700,29.9200,1.799998
_14_,VPWR,li1,46.6900,35.3600,1.799984
_13_,VPWR,li1,46.9200,51.6800,1.799983
_12_,VPWR,li1,48.0700,29.9200,1.799997
_11_,VPWR,li1,52.6700,35.3600,1.799986
_10_,VPWR,li1,59.5700,57.1200,1.800000
_09_,VPWR,li1,58.8800,46.2400,1.800000
_08_,VPWR,li1,54.5100,51.6800,1.799971
