Instance,Terminal,Layer,X location,Y location,Voltage
FILLER_0_20_145,VGND,li1,72.4500,65.2800,0.000000
FILLER_0_20_141,VGND,li1,71.3000,65.2800,0.000000
FILLER_0_20_137,VGND,li1,69.2300,65.2800,0.000000
FILLER_0_20_125,VGND,li1,65.7800,65.2800,0.000000
FILLER_0_20_113,VGND,li1,60.2600,65.2800,0.000000
FILLER_0_20_109,VGND,li1,56.3500,65.2800,0.000000
FILLER_0_20_97,VGND,li1,52.9000,65.2800,0.000000
FILLER_0_20_93,VGND,li1,48.5300,65.2800,0.000000
FILLER_0_20_85,VGND,li1,46.4600,65.2800,0.000000
FILLER_0_20_81,VGND,li1,43.4700,65.2800,0.000000
FILLER_0_20_69,VGND,li1,40.0200,65.2800,0.000000
FILLER_0_20_57,VGND,li1,34.5000,65.2800,0.000000
FILLER_0_20_55,VGND,li1,31.0500,65.2800,0.000000
FILLER_0_20_47,VGND,li1,28.9800,65.2800,0.000000
FILLER_0_20_35,VGND,li1,24.3800,65.2800,0.000000
FILLER_0_20_26,VGND,li1,17.9400,65.2800,0.000000
FILLER_0_20_18,VGND,li1,15.6400,65.2800,0.000000
FILLER_0_20_6,VGND,li1,11.0400,65.2800,0.000000
FILLER_0_19_145,VGND,li1,72.4500,65.2800,0.000000
FILLER_0_19_137,VGND,li1,70.3800,65.2800,0.000000
FILLER_0_19_125,VGND,li1,65.7800,65.2800,0.000000
FILLER_0_19_113,VGND,li1,60.2600,65.2800,0.000000
FILLER_0_19_111,VGND,li1,56.8100,65.2800,0.000000
FILLER_0_19_105,VGND,li1,55.2000,65.2800,0.000000
FILLER_0_19_93,VGND,li1,51.0600,65.2800,0.000000
FILLER_0_19_81,VGND,li1,45.5400,65.2800,0.000000
FILLER_0_19_69,VGND,li1,40.0200,65.2800,0.000000
FILLER_0_19_57,VGND,li1,34.5000,65.2800,0.000000
FILLER_0_19_55,VGND,li1,31.0500,65.2800,0.000000
FILLER_0_19_51,VGND,li1,29.9000,65.2800,0.000000
FILLER_0_19_39,VGND,li1,26.2200,65.2800,0.000000
FILLER_0_19_27,VGND,li1,20.7000,65.2800,0.000000
FILLER_0_19_15,VGND,li1,15.1800,65.2800,0.000000
FILLER_0_19_3,VGND,li1,9.6600,65.2800,0.000000
FILLER_0_18_145,VGND,li1,72.4500,59.8400,0.000000
FILLER_0_18_141,VGND,li1,71.3000,59.8400,0.000000
FILLER_0_18_139,VGND,li1,69.6900,59.8400,0.000000
FILLER_0_18_133,VGND,li1,68.0800,59.8400,0.000000
FILLER_0_18_121,VGND,li1,63.9400,59.8400,0.000000
FILLER_0_18_109,VGND,li1,58.4200,59.8400,0.000000
FILLER_0_18_97,VGND,li1,52.9000,59.8400,0.000000
FILLER_0_18_85,VGND,li1,47.3800,59.8400,0.000000
FILLER_0_18_83,VGND,li1,43.9300,59.8400,0.000000
FILLER_0_18_77,VGND,li1,42.3200,59.8400,0.000000
FILLER_0_18_65,VGND,li1,38.1800,59.8400,0.000000
FILLER_0_18_53,VGND,li1,32.6600,59.8400,0.000000
FILLER_0_18_41,VGND,li1,27.1400,59.8400,0.000000
FILLER_0_18_29,VGND,li1,21.6200,59.8400,0.000000
FILLER_0_18_27,VGND,li1,18.1700,59.8400,0.000000
FILLER_0_18_15,VGND,li1,15.1800,59.8400,0.000000
FILLER_0_18_3,VGND,li1,9.6600,59.8400,0.000000
FILLER_0_17_145,VGND,li1,72.4500,59.8400,0.000000
FILLER_0_17_137,VGND,li1,70.3800,59.8400,0.000000
FILLER_0_17_125,VGND,li1,65.7800,59.8400,0.000000
FILLER_0_17_113,VGND,li1,60.2600,59.8400,0.000000
FILLER_0_17_111,VGND,li1,56.8100,59.8400,0.000000
FILLER_0_17_105,VGND,li1,55.2000,59.8400,0.000000
FILLER_0_17_93,VGND,li1,51.0600,59.8400,0.000000
FILLER_0_17_81,VGND,li1,45.5400,59.8400,0.000000
FILLER_0_17_69,VGND,li1,40.0200,59.8400,0.000000
FILLER_0_17_57,VGND,li1,34.5000,59.8400,0.000000
FILLER_0_17_55,VGND,li1,31.0500,59.8400,0.000000
FILLER_0_17_51,VGND,li1,29.9000,59.8400,0.000000
FILLER_0_17_39,VGND,li1,26.2200,59.8400,0.000000
FILLER_0_17_27,VGND,li1,20.7000,59.8400,0.000000
FILLER_0_17_15,VGND,li1,15.1800,59.8400,0.000000
FILLER_0_17_3,VGND,li1,9.6600,59.8400,0.000000
FILLER_0_16_145,VGND,li1,72.4500,54.4000,0.000005
FILLER_0_16_141,VGND,li1,71.3000,54.4000,0.000005
FILLER_0_16_139,VGND,li1,69.6900,54.4000,0.000005
FILLER_0_16_131,VGND,li1,67.6200,54.4000,0.000005
FILLER_0_16_119,VGND,li1,63.0200,54.4000,0.000008
FILLER_0_16_115,VGND,li1,58.6500,54.4000,0.000008
FILLER_0_16_109,VGND,li1,57.0400,54.4000,0.000008
FILLER_0_16_97,VGND,li1,52.9000,54.4000,0.000007
FILLER_0_16_85,VGND,li1,47.3800,54.4000,0.000008
FILLER_0_16_83,VGND,li1,43.9300,54.4000,0.000008
FILLER_0_16_77,VGND,li1,42.3200,54.4000,0.000008
FILLER_0_16_65,VGND,li1,38.1800,54.4000,0.000006
FILLER_0_16_53,VGND,li1,32.6600,54.4000,0.000004
FILLER_0_16_41,VGND,li1,27.1400,54.4000,0.000003
FILLER_0_16_29,VGND,li1,21.6200,54.4000,0.000002
FILLER_0_16_27,VGND,li1,18.1700,54.4000,0.000001
FILLER_0_16_15,VGND,li1,15.1800,54.4000,0.000001
FILLER_0_16_3,VGND,li1,9.6600,54.4000,0.000001
FILLER_0_15_145,VGND,li1,72.4500,54.4000,0.000005
FILLER_0_15_133,VGND,li1,69.4600,54.4000,0.000005
FILLER_0_15_69,VGND,li1,37.9500,54.4000,0.000006
FILLER_0_15_57,VGND,li1,34.5000,54.4000,0.000004
FILLER_0_15_55,VGND,li1,31.0500,54.4000,0.000003
FILLER_0_15_51,VGND,li1,29.9000,54.4000,0.000003
FILLER_0_15_39,VGND,li1,26.2200,54.4000,0.000003
FILLER_0_15_27,VGND,li1,20.7000,54.4000,0.000002
FILLER_0_15_15,VGND,li1,15.1800,54.4000,0.000001
FILLER_0_15_3,VGND,li1,9.6600,54.4000,0.000001
FILLER_0_14_141,VGND,li1,70.8400,48.9600,0.000015
FILLER_0_14_138,VGND,li1,69.4600,48.9600,0.000015
FILLER_0_14_130,VGND,li1,67.1600,48.9600,0.000015
FILLER_0_14_108,VGND,li1,55.6600,48.9600,0.000017
FILLER_0_14_101,VGND,li1,52.2100,48.9600,0.000014
FILLER_0_14_93,VGND,li1,50.1400,48.9600,0.000011
FILLER_0_14_85,VGND,li1,45.0800,48.9600,0.000008
FILLER_0_14_83,VGND,li1,43.9300,48.9600,0.000007
FILLER_0_14_77,VGND,li1,42.3200,48.9600,0.000007
FILLER_0_14_65,VGND,li1,38.1800,48.9600,0.000005
FILLER_0_14_53,VGND,li1,32.6600,48.9600,0.000003
FILLER_0_14_41,VGND,li1,27.1400,48.9600,0.000002
FILLER_0_14_29,VGND,li1,21.6200,48.9600,0.000002
FILLER_0_14_27,VGND,li1,18.1700,48.9600,0.000001
FILLER_0_14_15,VGND,li1,15.1800,48.9600,0.000001
FILLER_0_14_3,VGND,li1,9.6600,48.9600,0.000001
FILLER_0_13_143,VGND,li1,71.9900,48.9600,0.000015
FILLER_0_13_131,VGND,li1,68.5400,48.9600,0.000015
FILLER_0_13_119,VGND,li1,63.0200,48.9600,0.000022
FILLER_0_13_111,VGND,li1,56.8100,48.9600,0.000020
FILLER_0_13_105,VGND,li1,55.2000,48.9600,0.000017
FILLER_0_13_93,VGND,li1,51.0600,48.9600,0.000011
FILLER_0_13_81,VGND,li1,45.5400,48.9600,0.000008
FILLER_0_13_69,VGND,li1,40.0200,48.9600,0.000006
FILLER_0_13_57,VGND,li1,34.5000,48.9600,0.000003
FILLER_0_13_55,VGND,li1,31.0500,48.9600,0.000003
FILLER_0_13_51,VGND,li1,29.9000,48.9600,0.000003
FILLER_0_13_39,VGND,li1,26.2200,48.9600,0.000002
FILLER_0_13_27,VGND,li1,20.7000,48.9600,0.000002
FILLER_0_13_15,VGND,li1,15.1800,48.9600,0.000001
FILLER_0_13_3,VGND,li1,9.6600,48.9600,0.000001
FILLER_0_12_145,VGND,li1,72.4500,43.5200,0.000000
FILLER_0_12_141,VGND,li1,71.3000,43.5200,0.000000
FILLER_0_12_139,VGND,li1,69.6900,43.5200,0.000000
FILLER_0_12_133,VGND,li1,68.0800,43.5200,0.000000
FILLER_0_12_121,VGND,li1,63.9400,43.5200,0.000000
FILLER_0_12_109,VGND,li1,58.4200,43.5200,0.000000
FILLER_0_12_97,VGND,li1,52.9000,43.5200,0.000000
FILLER_0_12_85,VGND,li1,47.3800,43.5200,0.000000
FILLER_0_12_83,VGND,li1,43.9300,43.5200,0.000000
FILLER_0_12_77,VGND,li1,42.3200,43.5200,0.000000
FILLER_0_12_65,VGND,li1,38.1800,43.5200,0.000000
FILLER_0_12_53,VGND,li1,32.6600,43.5200,0.000000
FILLER_0_12_41,VGND,li1,27.1400,43.5200,0.000000
FILLER_0_12_29,VGND,li1,21.6200,43.5200,0.000000
FILLER_0_12_27,VGND,li1,18.1700,43.5200,0.000000
FILLER_0_12_15,VGND,li1,15.1800,43.5200,0.000000
FILLER_0_12_3,VGND,li1,9.6600,43.5200,0.000000
FILLER_0_11_145,VGND,li1,72.4500,43.5200,0.000000
FILLER_0_11_137,VGND,li1,70.3800,43.5200,0.000000
FILLER_0_11_125,VGND,li1,65.7800,43.5200,0.000000
FILLER_0_11_113,VGND,li1,60.2600,43.5200,0.000000
FILLER_0_11_111,VGND,li1,56.8100,43.5200,0.000000
FILLER_0_11_105,VGND,li1,55.2000,43.5200,0.000000
FILLER_0_11_93,VGND,li1,51.0600,43.5200,0.000000
FILLER_0_11_81,VGND,li1,45.5400,43.5200,0.000000
FILLER_0_11_69,VGND,li1,40.0200,43.5200,0.000000
FILLER_0_11_57,VGND,li1,34.5000,43.5200,0.000000
FILLER_0_11_55,VGND,li1,31.0500,43.5200,0.000000
FILLER_0_11_51,VGND,li1,29.9000,43.5200,0.000000
FILLER_0_11_39,VGND,li1,26.2200,43.5200,0.000000
FILLER_0_11_27,VGND,li1,20.7000,43.5200,0.000000
FILLER_0_11_15,VGND,li1,15.1800,43.5200,0.000000
FILLER_0_11_3,VGND,li1,9.6600,43.5200,0.000000
FILLER_0_10_145,VGND,li1,72.4500,38.0800,0.000017
FILLER_0_10_141,VGND,li1,71.3000,38.0800,0.000017
FILLER_0_10_139,VGND,li1,69.6900,38.0800,0.000017
FILLER_0_10_135,VGND,li1,68.5400,38.0800,0.000017
FILLER_0_10_123,VGND,li1,64.8600,38.0800,0.000024
FILLER_0_10_97,VGND,li1,51.5200,38.0800,0.000028
FILLER_0_10_85,VGND,li1,47.3800,38.0800,0.000033
FILLER_0_10_83,VGND,li1,43.9300,38.0800,0.000028
FILLER_0_10_77,VGND,li1,42.3200,38.0800,0.000024
FILLER_0_10_65,VGND,li1,38.1800,38.0800,0.000019
FILLER_0_10_53,VGND,li1,32.6600,38.0800,0.000011
FILLER_0_10_41,VGND,li1,27.1400,38.0800,0.000009
FILLER_0_10_29,VGND,li1,21.6200,38.0800,0.000006
FILLER_0_10_27,VGND,li1,18.1700,38.0800,0.000005
FILLER_0_10_15,VGND,li1,15.1800,38.0800,0.000005
FILLER_0_10_3,VGND,li1,9.6600,38.0800,0.000005
FILLER_0_9_145,VGND,li1,72.4500,38.0800,0.000017
FILLER_0_9_137,VGND,li1,70.3800,38.0800,0.000017
FILLER_0_9_125,VGND,li1,65.7800,38.0800,0.000024
FILLER_0_9_113,VGND,li1,60.2600,38.0800,0.000031
FILLER_0_9_111,VGND,li1,56.8100,38.0800,0.000033
FILLER_0_9_105,VGND,li1,55.2000,38.0800,0.000033
FILLER_0_9_77,VGND,li1,41.6300,38.0800,0.000024
FILLER_0_9_69,VGND,li1,39.1000,38.0800,0.000019
FILLER_0_9_57,VGND,li1,34.5000,38.0800,0.000012
FILLER_0_9_55,VGND,li1,31.0500,38.0800,0.000010
FILLER_0_9_51,VGND,li1,29.9000,38.0800,0.000010
FILLER_0_9_39,VGND,li1,26.2200,38.0800,0.000009
FILLER_0_9_27,VGND,li1,20.7000,38.0800,0.000006
FILLER_0_9_15,VGND,li1,15.1800,38.0800,0.000005
FILLER_0_9_3,VGND,li1,9.6600,38.0800,0.000005
FILLER_0_8_145,VGND,li1,72.4500,32.6400,0.000000
FILLER_0_8_141,VGND,li1,71.3000,32.6400,0.000000
FILLER_0_8_138,VGND,li1,69.4600,32.6400,0.000000
FILLER_0_8_130,VGND,li1,67.1600,32.6400,0.000000
FILLER_0_8_118,VGND,li1,62.5600,32.6400,0.000000
FILLER_0_8_106,VGND,li1,57.0400,32.6400,0.000000
FILLER_0_8_94,VGND,li1,51.5200,32.6400,0.000000
FILLER_0_8_83,VGND,li1,43.9300,32.6400,0.000000
FILLER_0_8_77,VGND,li1,42.3200,32.6400,0.000000
FILLER_0_8_65,VGND,li1,38.1800,32.6400,0.000000
FILLER_0_8_53,VGND,li1,32.6600,32.6400,0.000000
FILLER_0_8_41,VGND,li1,27.1400,32.6400,0.000000
FILLER_0_8_29,VGND,li1,21.6200,32.6400,0.000000
FILLER_0_8_27,VGND,li1,18.1700,32.6400,0.000000
FILLER_0_8_15,VGND,li1,15.1800,32.6400,0.000000
FILLER_0_8_3,VGND,li1,9.6600,32.6400,0.000000
FILLER_0_7_145,VGND,li1,72.4500,32.6400,0.000000
FILLER_0_7_137,VGND,li1,70.3800,32.6400,0.000000
FILLER_0_7_125,VGND,li1,65.7800,32.6400,0.000000
FILLER_0_7_113,VGND,li1,60.2600,32.6400,0.000000
FILLER_0_7_106,VGND,li1,55.6600,32.6400,0.000000
FILLER_0_7_94,VGND,li1,51.5200,32.6400,0.000000
FILLER_0_7_89,VGND,li1,46.9200,32.6400,0.000000
FILLER_0_7_81,VGND,li1,44.6200,32.6400,0.000000
FILLER_0_7_69,VGND,li1,40.0200,32.6400,0.000000
FILLER_0_7_57,VGND,li1,34.5000,32.6400,0.000000
FILLER_0_7_54,VGND,li1,30.8200,32.6400,0.000000
FILLER_0_7_42,VGND,li1,27.6000,32.6400,0.000000
FILLER_0_7_30,VGND,li1,22.0800,32.6400,0.000000
FILLER_0_7_18,VGND,li1,16.5600,32.6400,0.000000
FILLER_0_7_6,VGND,li1,11.0400,32.6400,0.000000
FILLER_0_6_145,VGND,li1,72.4500,27.2000,0.000002
FILLER_0_6_141,VGND,li1,71.3000,27.2000,0.000002
FILLER_0_6_137,VGND,li1,69.2300,27.2000,0.000002
FILLER_0_6_129,VGND,li1,66.7000,27.2000,0.000002
FILLER_0_6_117,VGND,li1,62.1000,27.2000,0.000003
FILLER_0_6_105,VGND,li1,56.5800,27.2000,0.000004
FILLER_0_6_83,VGND,li1,43.9300,27.2000,0.000007
FILLER_0_6_79,VGND,li1,42.7800,27.2000,0.000007
FILLER_0_6_73,VGND,li1,39.7900,27.2000,0.000006
FILLER_0_6_65,VGND,li1,37.2600,27.2000,0.000005
FILLER_0_6_53,VGND,li1,32.6600,27.2000,0.000003
FILLER_0_6_41,VGND,li1,27.1400,27.2000,0.000002
FILLER_0_6_29,VGND,li1,21.6200,27.2000,0.000002
FILLER_0_6_27,VGND,li1,18.1700,27.2000,0.000001
FILLER_0_6_15,VGND,li1,15.1800,27.2000,0.000001
FILLER_0_6_3,VGND,li1,9.6600,27.2000,0.000001
FILLER_0_5_145,VGND,li1,72.4500,27.2000,0.000002
FILLER_0_5_137,VGND,li1,70.3800,27.2000,0.000002
FILLER_0_5_125,VGND,li1,65.7800,27.2000,0.000002
FILLER_0_5_113,VGND,li1,60.2600,27.2000,0.000003
FILLER_0_5_111,VGND,li1,56.8100,27.2000,0.000004
FILLER_0_5_105,VGND,li1,55.2000,27.2000,0.000004
FILLER_0_5_93,VGND,li1,51.0600,27.2000,0.000005
FILLER_0_5_69,VGND,li1,37.9500,27.2000,0.000005
FILLER_0_5_57,VGND,li1,34.5000,27.2000,0.000003
FILLER_0_5_55,VGND,li1,31.0500,27.2000,0.000003
FILLER_0_5_51,VGND,li1,29.9000,27.2000,0.000003
FILLER_0_5_39,VGND,li1,26.2200,27.2000,0.000002
FILLER_0_5_27,VGND,li1,20.7000,27.2000,0.000002
FILLER_0_5_15,VGND,li1,15.1800,27.2000,0.000001
FILLER_0_5_3,VGND,li1,9.6600,27.2000,0.000001
FILLER_0_4_145,VGND,li1,72.4500,21.7600,0.000000
FILLER_0_4_141,VGND,li1,71.3000,21.7600,0.000000
FILLER_0_4_139,VGND,li1,69.6900,21.7600,0.000000
FILLER_0_4_133,VGND,li1,68.0800,21.7600,0.000000
FILLER_0_4_121,VGND,li1,63.9400,21.7600,0.000000
FILLER_0_4_109,VGND,li1,58.4200,21.7600,0.000000
FILLER_0_4_97,VGND,li1,52.9000,21.7600,0.000000
FILLER_0_4_85,VGND,li1,47.3800,21.7600,0.000000
FILLER_0_4_83,VGND,li1,43.9300,21.7600,0.000000
FILLER_0_4_77,VGND,li1,42.3200,21.7600,0.000000
FILLER_0_4_65,VGND,li1,38.1800,21.7600,0.000000
FILLER_0_4_53,VGND,li1,32.6600,21.7600,0.000000
FILLER_0_4_41,VGND,li1,27.1400,21.7600,0.000000
FILLER_0_4_29,VGND,li1,21.6200,21.7600,0.000000
FILLER_0_4_27,VGND,li1,18.1700,21.7600,0.000000
FILLER_0_4_15,VGND,li1,15.1800,21.7600,0.000000
FILLER_0_4_3,VGND,li1,9.6600,21.7600,0.000000
FILLER_0_3_145,VGND,li1,72.4500,21.7600,0.000000
FILLER_0_3_137,VGND,li1,70.3800,21.7600,0.000000
FILLER_0_3_125,VGND,li1,65.7800,21.7600,0.000000
FILLER_0_3_113,VGND,li1,60.2600,21.7600,0.000000
FILLER_0_3_108,VGND,li1,56.1200,21.7600,0.000000
FILLER_0_3_93,VGND,li1,51.0600,21.7600,0.000000
FILLER_0_3_81,VGND,li1,45.5400,21.7600,0.000000
FILLER_0_3_69,VGND,li1,40.0200,21.7600,0.000000
FILLER_0_3_57,VGND,li1,34.5000,21.7600,0.000000
FILLER_0_3_55,VGND,li1,31.0500,21.7600,0.000000
FILLER_0_3_49,VGND,li1,29.4400,21.7600,0.000000
FILLER_0_3_45,VGND,li1,26.4500,21.7600,0.000000
FILLER_0_3_39,VGND,li1,24.8400,21.7600,0.000000
FILLER_0_3_27,VGND,li1,20.7000,21.7600,0.000000
FILLER_0_3_23,VGND,li1,16.3300,21.7600,0.000000
FILLER_0_3_15,VGND,li1,14.2600,21.7600,0.000000
FILLER_0_3_3,VGND,li1,9.6600,21.7600,0.000000
FILLER_0_2_145,VGND,li1,72.4500,16.3200,0.000000
FILLER_0_2_141,VGND,li1,71.3000,16.3200,0.000000
FILLER_0_2_139,VGND,li1,69.6900,16.3200,0.000000
FILLER_0_2_133,VGND,li1,68.0800,16.3200,0.000000
FILLER_0_2_121,VGND,li1,63.9400,16.3200,0.000000
FILLER_0_2_109,VGND,li1,58.4200,16.3200,0.000000
FILLER_0_2_97,VGND,li1,52.9000,16.3200,0.000000
FILLER_0_2_85,VGND,li1,47.3800,16.3200,0.000000
FILLER_0_2_83,VGND,li1,43.9300,16.3200,0.000000
FILLER_0_2_77,VGND,li1,42.3200,16.3200,0.000000
FILLER_0_2_65,VGND,li1,38.1800,16.3200,0.000000
FILLER_0_2_53,VGND,li1,32.6600,16.3200,0.000000
FILLER_0_2_41,VGND,li1,27.1400,16.3200,0.000000
FILLER_0_2_29,VGND,li1,21.6200,16.3200,0.000000
FILLER_0_2_27,VGND,li1,18.1700,16.3200,0.000000
FILLER_0_2_15,VGND,li1,15.1800,16.3200,0.000000
FILLER_0_2_3,VGND,li1,9.6600,16.3200,0.000000
FILLER_0_1_141,VGND,li1,70.6100,16.3200,0.000000
FILLER_0_1_137,VGND,li1,69.4600,16.3200,0.000000
FILLER_0_1_125,VGND,li1,65.7800,16.3200,0.000000
FILLER_0_1_113,VGND,li1,60.2600,16.3200,0.000000
FILLER_0_1_111,VGND,li1,56.8100,16.3200,0.000000
FILLER_0_1_105,VGND,li1,55.2000,16.3200,0.000000
FILLER_0_1_93,VGND,li1,51.0600,16.3200,0.000000
FILLER_0_1_81,VGND,li1,45.5400,16.3200,0.000000
FILLER_0_1_69,VGND,li1,40.0200,16.3200,0.000000
FILLER_0_1_57,VGND,li1,34.5000,16.3200,0.000000
FILLER_0_1_55,VGND,li1,31.0500,16.3200,0.000000
FILLER_0_1_51,VGND,li1,29.9000,16.3200,0.000000
FILLER_0_1_39,VGND,li1,26.2200,16.3200,0.000000
FILLER_0_1_27,VGND,li1,20.7000,16.3200,0.000000
FILLER_0_1_15,VGND,li1,15.1800,16.3200,0.000000
FILLER_0_1_3,VGND,li1,9.6600,16.3200,0.000000
FILLER_0_0_145,VGND,li1,72.4500,10.8800,0.000000
FILLER_0_0_141,VGND,li1,71.3000,10.8800,0.000000
FILLER_0_0_138,VGND,li1,69.4600,10.8800,0.000000
FILLER_0_0_126,VGND,li1,66.2400,10.8800,0.000000
FILLER_0_0_121,VGND,li1,61.4100,10.8800,0.000000
FILLER_0_0_113,VGND,li1,59.3400,10.8800,0.000000
FILLER_0_0_109,VGND,li1,56.3500,10.8800,0.000000
FILLER_0_0_97,VGND,li1,52.9000,10.8800,0.000000
FILLER_0_0_85,VGND,li1,47.3800,10.8800,0.000000
FILLER_0_0_81,VGND,li1,43.4700,10.8800,0.000000
FILLER_0_0_69,VGND,li1,40.0200,10.8800,0.000000
FILLER_0_0_57,VGND,li1,34.5000,10.8800,0.000000
FILLER_0_0_49,VGND,li1,28.7500,10.8800,0.000000
FILLER_0_0_41,VGND,li1,26.2200,10.8800,0.000000
FILLER_0_0_29,VGND,li1,21.6200,10.8800,0.000000
FILLER_0_0_27,VGND,li1,18.1700,10.8800,0.000000
FILLER_0_0_21,VGND,li1,16.5600,10.8800,0.000000
FILLER_0_0_9,VGND,li1,12.4200,10.8800,0.000000
clkload0,VGND,li1,53.1300,48.9600,0.000014
clkbuf_1_1__f_clk,VGND,li1,60.7200,48.9600,0.000025
clkbuf_1_0__f_clk,VGND,li1,46.9200,38.0800,0.000033
clkbuf_0_clk,VGND,li1,57.5000,38.0800,0.000037
soc_top_6,VGND,li1,49.4500,65.2800,0.000000
output5,VGND,li1,20.2400,65.2800,0.000000
output4,VGND,li1,30.3600,10.8800,0.000000
output3,VGND,li1,62.5600,10.8800,0.000000
output2,VGND,li1,8.2800,10.8800,0.000000
input1,VGND,li1,71.7600,16.3200,0.000000
soc_top_9,VGND,li1,7.5900,65.2800,0.000000
soc_top_8,VGND,li1,71.9900,48.9600,0.000015
soc_top_7,VGND,li1,7.5900,32.6400,0.000000
TAP_TAPCELL_ROW_20_98,VGND,li1,70.1500,65.5710,0.000000
TAP_TAPCELL_ROW_20_97,VGND,li1,57.2700,65.5710,0.000000
TAP_TAPCELL_ROW_20_96,VGND,li1,44.3900,65.5710,0.000000
TAP_TAPCELL_ROW_20_95,VGND,li1,31.5100,65.5710,0.000000
TAP_TAPCELL_ROW_20_94,VGND,li1,18.6300,65.5710,0.000000
TAP_TAPCELL_ROW_19_93,VGND,li1,57.2700,64.9880,0.000000
TAP_TAPCELL_ROW_19_92,VGND,li1,31.5100,64.9880,0.000000
TAP_TAPCELL_ROW_18_91,VGND,li1,70.1500,60.1310,0.000000
TAP_TAPCELL_ROW_18_90,VGND,li1,44.3900,60.1310,0.000000
TAP_TAPCELL_ROW_18_89,VGND,li1,18.6300,60.1310,0.000000
TAP_TAPCELL_ROW_17_88,VGND,li1,57.2700,59.5480,0.000000
TAP_TAPCELL_ROW_17_87,VGND,li1,31.5100,59.5480,0.000000
TAP_TAPCELL_ROW_16_86,VGND,li1,70.1500,54.6910,0.000005
TAP_TAPCELL_ROW_16_85,VGND,li1,44.3900,54.6910,0.000008
TAP_TAPCELL_ROW_16_84,VGND,li1,18.6300,54.6910,0.000001
TAP_TAPCELL_ROW_15_83,VGND,li1,57.2700,54.1080,0.000008
TAP_TAPCELL_ROW_15_82,VGND,li1,31.5100,54.1080,0.000003
TAP_TAPCELL_ROW_14_81,VGND,li1,70.1500,49.2510,0.000015
TAP_TAPCELL_ROW_14_80,VGND,li1,44.3900,49.2510,0.000008
TAP_TAPCELL_ROW_14_79,VGND,li1,18.6300,49.2510,0.000001
TAP_TAPCELL_ROW_13_78,VGND,li1,57.2700,48.6680,0.000020
TAP_TAPCELL_ROW_13_77,VGND,li1,31.5100,48.6680,0.000003
TAP_TAPCELL_ROW_12_76,VGND,li1,70.1500,43.8110,0.000000
TAP_TAPCELL_ROW_12_75,VGND,li1,44.3900,43.8110,0.000000
TAP_TAPCELL_ROW_12_74,VGND,li1,18.6300,43.8110,0.000000
TAP_TAPCELL_ROW_11_73,VGND,li1,57.2700,43.2280,0.000000
TAP_TAPCELL_ROW_11_72,VGND,li1,31.5100,43.2280,0.000000
TAP_TAPCELL_ROW_10_71,VGND,li1,70.1500,38.3710,0.000017
TAP_TAPCELL_ROW_10_70,VGND,li1,44.3900,38.3710,0.000028
TAP_TAPCELL_ROW_10_69,VGND,li1,18.6300,38.3710,0.000005
TAP_TAPCELL_ROW_9_68,VGND,li1,57.2700,37.7880,0.000037
TAP_TAPCELL_ROW_9_67,VGND,li1,31.5100,37.7880,0.000010
TAP_TAPCELL_ROW_8_66,VGND,li1,70.1500,32.9310,0.000000
TAP_TAPCELL_ROW_8_65,VGND,li1,44.3900,32.9310,0.000000
TAP_TAPCELL_ROW_8_64,VGND,li1,18.6300,32.9310,0.000000
TAP_TAPCELL_ROW_7_63,VGND,li1,57.2700,32.3480,0.000000
TAP_TAPCELL_ROW_7_62,VGND,li1,31.5100,32.3480,0.000000
TAP_TAPCELL_ROW_6_61,VGND,li1,70.1500,27.4910,0.000002
TAP_TAPCELL_ROW_6_60,VGND,li1,44.3900,27.4910,0.000007
TAP_TAPCELL_ROW_6_59,VGND,li1,18.6300,27.4910,0.000001
TAP_TAPCELL_ROW_5_58,VGND,li1,57.2700,26.9080,0.000004
TAP_TAPCELL_ROW_5_57,VGND,li1,31.5100,26.9080,0.000003
TAP_TAPCELL_ROW_4_56,VGND,li1,70.1500,22.0510,0.000000
TAP_TAPCELL_ROW_4_55,VGND,li1,44.3900,22.0510,0.000000
TAP_TAPCELL_ROW_4_54,VGND,li1,18.6300,22.0510,0.000000
TAP_TAPCELL_ROW_3_53,VGND,li1,57.2700,21.4680,0.000000
TAP_TAPCELL_ROW_3_52,VGND,li1,31.5100,21.4680,0.000000
TAP_TAPCELL_ROW_2_51,VGND,li1,70.1500,16.6110,0.000000
TAP_TAPCELL_ROW_2_50,VGND,li1,44.3900,16.6110,0.000000
TAP_TAPCELL_ROW_2_49,VGND,li1,18.6300,16.6110,0.000000
TAP_TAPCELL_ROW_1_48,VGND,li1,57.2700,16.0280,0.000000
TAP_TAPCELL_ROW_1_47,VGND,li1,31.5100,16.0280,0.000000
TAP_TAPCELL_ROW_0_46,VGND,li1,70.1500,11.1710,0.000000
TAP_TAPCELL_ROW_0_45,VGND,li1,57.2700,11.1710,0.000000
TAP_TAPCELL_ROW_0_44,VGND,li1,44.3900,11.1710,0.000000
TAP_TAPCELL_ROW_0_43,VGND,li1,31.5100,11.1710,0.000000
TAP_TAPCELL_ROW_0_42,VGND,li1,18.6300,11.1710,0.000000
PHY_EDGE_ROW_20_Left_41,VGND,li1,6.2100,65.2800,0.000000
PHY_EDGE_ROW_19_Left_40,VGND,li1,6.2100,65.2800,0.000000
PHY_EDGE_ROW_18_Left_39,VGND,li1,6.2100,59.8400,0.000000
PHY_EDGE_ROW_17_Left_38,VGND,li1,6.2100,59.8400,0.000000
PHY_EDGE_ROW_16_Left_37,VGND,li1,6.2100,54.4000,0.000001
PHY_EDGE_ROW_15_Left_36,VGND,li1,6.2100,54.4000,0.000001
PHY_EDGE_ROW_14_Left_35,VGND,li1,6.2100,48.9600,0.000001
PHY_EDGE_ROW_13_Left_34,VGND,li1,6.2100,48.9600,0.000001
PHY_EDGE_ROW_12_Left_33,VGND,li1,6.2100,43.5200,0.000000
PHY_EDGE_ROW_11_Left_32,VGND,li1,6.2100,43.5200,0.000000
PHY_EDGE_ROW_10_Left_31,VGND,li1,6.2100,38.0800,0.000005
PHY_EDGE_ROW_9_Left_30,VGND,li1,6.2100,38.0800,0.000005
PHY_EDGE_ROW_8_Left_29,VGND,li1,6.2100,32.6400,0.000000
PHY_EDGE_ROW_7_Left_28,VGND,li1,6.2100,32.6400,0.000000
PHY_EDGE_ROW_6_Left_27,VGND,li1,6.2100,27.2000,0.000001
PHY_EDGE_ROW_5_Left_26,VGND,li1,6.2100,27.2000,0.000001
PHY_EDGE_ROW_4_Left_25,VGND,li1,6.2100,21.7600,0.000000
PHY_EDGE_ROW_3_Left_24,VGND,li1,6.2100,21.7600,0.000000
PHY_EDGE_ROW_2_Left_23,VGND,li1,6.2100,16.3200,0.000000
PHY_EDGE_ROW_1_Left_22,VGND,li1,6.2100,16.3200,0.000000
PHY_EDGE_ROW_0_Left_21,VGND,li1,6.2100,10.8800,0.000000
PHY_EDGE_ROW_20_Right_20,VGND,li1,73.3700,65.2800,0.000000
PHY_EDGE_ROW_19_Right_19,VGND,li1,73.3700,65.2800,0.000000
PHY_EDGE_ROW_18_Right_18,VGND,li1,73.3700,59.8400,0.000000
PHY_EDGE_ROW_17_Right_17,VGND,li1,73.3700,59.8400,0.000000
PHY_EDGE_ROW_16_Right_16,VGND,li1,73.3700,54.4000,0.000005
PHY_EDGE_ROW_15_Right_15,VGND,li1,73.3700,54.4000,0.000005
PHY_EDGE_ROW_14_Right_14,VGND,li1,73.3700,48.9600,0.000015
PHY_EDGE_ROW_13_Right_13,VGND,li1,73.3700,48.9600,0.000015
PHY_EDGE_ROW_12_Right_12,VGND,li1,73.3700,43.5200,0.000000
PHY_EDGE_ROW_11_Right_11,VGND,li1,73.3700,43.5200,0.000000
PHY_EDGE_ROW_10_Right_10,VGND,li1,73.3700,38.0800,0.000017
PHY_EDGE_ROW_9_Right_9,VGND,li1,73.3700,38.0800,0.000017
PHY_EDGE_ROW_8_Right_8,VGND,li1,73.3700,32.6400,0.000000
PHY_EDGE_ROW_7_Right_7,VGND,li1,73.3700,32.6400,0.000000
PHY_EDGE_ROW_6_Right_6,VGND,li1,73.3700,27.2000,0.000002
PHY_EDGE_ROW_5_Right_5,VGND,li1,73.3700,27.2000,0.000002
PHY_EDGE_ROW_4_Right_4,VGND,li1,73.3700,21.7600,0.000000
PHY_EDGE_ROW_3_Right_3,VGND,li1,73.3700,21.7600,0.000000
PHY_EDGE_ROW_2_Right_2,VGND,li1,73.3700,16.3200,0.000000
PHY_EDGE_ROW_1_Right_1,VGND,li1,73.3700,16.3200,0.000000
PHY_EDGE_ROW_0_Right_0,VGND,li1,73.3700,10.8800,0.000000
_27_,VGND,li1,27.3700,21.7600,0.000000
_26_,VGND,li1,54.5100,21.7600,0.000000
_25_,VGND,li1,17.2500,21.7600,0.000000
_20_,VGND,li1,43.4700,27.2000,0.000007
_19_,VGND,li1,43.2400,54.4000,0.000008
_18_,VGND,li1,49.2200,27.2000,0.000006
_17_,VGND,li1,62.1000,54.4000,0.000008
_16_,VGND,li1,52.4400,54.4000,0.000007
_15_,VGND,li1,41.1700,27.2000,0.000006
_14_,VGND,li1,46.6900,32.6400,0.000000
_13_,VGND,li1,46.9200,48.9600,0.000009
_12_,VGND,li1,48.0700,32.6400,0.000000
_11_,VGND,li1,52.6700,38.0800,0.000028
_10_,VGND,li1,59.5700,54.4000,0.000008
_09_,VGND,li1,58.8800,48.9600,0.000023
_08_,VGND,li1,54.5100,48.9600,0.000017
